#
# A fatal error has been detected by the Java Runtime Environment:
#
#  SIGSEGV (0xb) at pc=0x00007fe27b3f638f, pid=329, tid=345
#
# JRE version: OpenJDK Runtime Environment (17.0.6) (build 17.0.6+0-17.0.6b802.4-9586694)
# Java VM: OpenJDK 64-Bit Server VM (17.0.6+0-17.0.6b802.4-9586694, mixed mode, tiered, compressed oops, compressed class ptrs, g1 gc, linux-amd64)
# Problematic frame:
# V  [libjvm.so+0x70f38f]  Block::has_uncommon_code() const+0xdf
#
# Core dump will be written. Default location: Core dumps may be processed with "/lib/systemd/systemd-coredump %P %u %g %s %t 9223372036854775808 %h" (or dumping to /home/pc-fahim/OpenClassRooms/Projet_05/Projets/Fahim/todoc-master/core.329)
#
# If you would like to submit a bug report, please visit:
#   https://bugreport.java.com/bugreport/crash.jsp
#

---------------  S U M M A R Y ------------

Command Line: --add-exports=java.base/sun.nio.ch=ALL-UNNAMED --add-opens=java.base/java.lang=ALL-UNNAMED --add-opens=java.base/java.lang.reflect=ALL-UNNAMED --add-opens=java.base/java.io=ALL-UNNAMED --add-exports=jdk.unsupported/sun.misc=ALL-UNNAMED --add-opens=java.base/java.util=ALL-UNNAMED --add-opens=java.base/java.lang=ALL-UNNAMED --add-opens=java.base/java.lang.invoke=ALL-UNNAMED --add-opens=java.base/java.util=ALL-UNNAMED --add-opens=java.prefs/java.util.prefs=ALL-UNNAMED --add-opens=java.prefs/java.util.prefs=ALL-UNNAMED --add-opens=java.base/java.nio.charset=ALL-UNNAMED --add-opens=java.base/java.net=ALL-UNNAMED --add-opens=java.base/java.util.concurrent.atomic=ALL-UNNAMED -Xmx2048M -Dfile.encoding=UTF-8 -Duser.country=FR -Duser.language=fr -Duser.variant org.gradle.launcher.daemon.bootstrap.GradleDaemon 7.2

Host: Intel(R) Core(TM) i5 CPU         650  @ 3.20GHz, 4 cores, 15G, Freedesktop.org SDK 22.08 (Flatpak runtime)
Time: Tue May 16 08:44:52 2023 CEST elapsed time: 4.347108 seconds (0d 0h 0m 4s)

---------------  T H R E A D  ---------------

Current thread (0x00007fe2741f2bc0):  JavaThread "C2 CompilerThread0" daemon [_thread_in_native, id=345, stack(0x00007fe25d732000,0x00007fe25d832000)]


Current CompileTask:
C2:   4347 1798   !   4       java.security.AccessController::doPrivileged (26 bytes)

Stack: [0x00007fe25d732000,0x00007fe25d832000],  sp=0x00007fe25d82d740,  free space=1005k
Native frames: (J=compiled Java code, j=interpreted, Vv=VM code, C=native code)
V  [libjvm.so+0x70f38f]  Block::has_uncommon_code() const+0xdf
V  [libjvm.so+0x70f41c]  PhaseCFG::is_uncommon(Block const*)+0x6c
V  [libjvm.so+0x8471b1]  PhaseConservativeCoalesce::coalesce(Block*)+0x21
V  [libjvm.so+0x844474]  PhaseCoalesce::coalesce_driver()+0x34
V  [libjvm.so+0x7ecdb3]  PhaseChaitin::Register_Allocate()+0x673
V  [libjvm.so+0x86b427]  Compile::Code_Gen()+0x3b7
V  [libjvm.so+0x8688ad]  Compile::Compile(ciEnv*, ciMethod*, int, bool, bool, bool, bool, bool, DirectiveSet*)+0x107d
V  [libjvm.so+0x7c8c6e]  C2Compiler::compile_method(ciEnv*, ciMethod*, int, bool, DirectiveSet*)+0xde
V  [libjvm.so+0x87b121]  CompileBroker::invoke_compiler_on_method(CompileTask*)+0x8d1
V  [libjvm.so+0x87a701]  CompileBroker::compiler_thread_loop()+0x3f1
V  [libjvm.so+0x10ba265]  JavaThread::thread_main_inner()+0x145
V  [libjvm.so+0x10b888f]  Thread::call_run()+0xbf
V  [libjvm.so+0xe67c39]  thread_native_entry(Thread*)+0x119
C  [libc.so.6+0x8f1da]


siginfo: si_signo: 11 (SIGSEGV), si_code: 1 (SEGV_MAPERR), si_addr: 0x0000000000000148

Register to memory mapping:

RAX=0x0 is NULL
RBX=0x0000000000000008 is an unknown value
RCX=0x0000000000000002 is an unknown value
RDX=0x00007fe22024cd58 points into unknown readable memory: 0x00007fe27bedb1a8 | a8 b1 ed 7b e2 7f 00 00
RSP=0x00007fe25d82d740 is pointing into the stack for thread: 0x00007fe2741f2bc0
RBP=0x00007fe25d82d760 is pointing into the stack for thread: 0x00007fe2741f2bc0
RSI=0x00007fe220324620 points into unknown readable memory: 0x00007fe27bf0fec8 | c8 fe f0 7b e2 7f 00 00
RDI=0x00007fe220223b50 points into unknown readable memory: 0x0000000000000000 | 00 00 00 00 00 00 00 00
R8 =0x0000000000000015 is an unknown value
R9 =0x0f0f0f0f0f0f0f0f is an unknown value
R10=0x0101010101010101 is an unknown value
R11=0x0 is NULL
R12=0x00007fe25d82da08 is pointing into the stack for thread: 0x00007fe2741f2bc0
R13=0x00007fe25d82f168 is pointing into the stack for thread: 0x00007fe2741f2bc0
R14=0x00007fe220324620 points into unknown readable memory: 0x00007fe27bf0fec8 | c8 fe f0 7b e2 7f 00 00
R15=0x00007fe2203232a0 points into unknown readable memory: 0x00007fe27bede398 | 98 e3 ed 7b e2 7f 00 00


Registers:
RAX=0x0000000000000000, RBX=0x0000000000000008, RCX=0x0000000000000002, RDX=0x00007fe22024cd58
RSP=0x00007fe25d82d740, RBP=0x00007fe25d82d760, RSI=0x00007fe220324620, RDI=0x00007fe220223b50
R8 =0x0000000000000015, R9 =0x0f0f0f0f0f0f0f0f, R10=0x0101010101010101, R11=0x0000000000000000
R12=0x00007fe25d82da08, R13=0x00007fe25d82f168, R14=0x00007fe220324620, R15=0x00007fe2203232a0
RIP=0x00007fe27b3f638f, EFLAGS=0x0000000000010246, CSGSFS=0x002b000000000033, ERR=0x0000000000000004
  TRAPNO=0x000000000000000e

Top of Stack: (sp=0x00007fe25d82d740)
0x00007fe25d82d740:   0000000000000000 00007fe220324620
0x00007fe25d82d750:   00007fe25d82d801 00007fe25d82f2d8
0x00007fe25d82d760:   00007fe25d82d790 00007fe27b3f641c
0x00007fe25d82d770:   00007fe25d82f168 000000000000026d 

Instructions: (pc=0x00007fe27b3f638f)
0x00007fe27b3f628f:   42 ff 48 83 fa 01 48 89 c2 7f c6 eb 0a 31 c0 85
0x00007fe27b3f629f:   d2 0f 85 2b ff ff ff 89 f0 5d c3 66 0f 1f 44 00
0x00007fe27b3f62af:   00 55 48 89 e5 41 57 41 56 53 50 49 89 fe 8b 5f
0x00007fe27b3f62bf:   28 83 c3 ff 39 5f 18 76 0c 49 8b 46 20 89 d9 4c
0x00007fe27b3f62cf:   8b 3c c8 eb 03 45 31 ff 49 8b 07 4c 89 ff ff 50
0x00007fe27b3f62df:   20 4c 39 f8 74 04 41 2b 5e 48 41 39 5e 18 76 0c
0x00007fe27b3f62ef:   49 8b 46 20 89 d9 48 8b 3c c8 eb 02 31 ff 8b 4f
0x00007fe27b3f62ff:   2c 89 c8 83 e0 3f 83 f8 2a 74 1a 89 c8 83 e0 1f
0x00007fe27b3f630f:   83 f8 1d 74 24 89 c8 25 ff 03 00 00 3d 08 02 00
0x00007fe27b3f631f:   00 74 2e eb 60 48 8b 47 08 48 8b 38 8b 4f 2c 89
0x00007fe27b3f632f:   c8 83 e0 1f 83 f8 1d 75 dc 48 8b 47 08 48 8b 38
0x00007fe27b3f633f:   8b 4f 2c 89 c8 25 ff 03 00 00 3d 08 02 00 00 75
0x00007fe27b3f634f:   34 48 8b 47 08 48 8b 00 8b 50 2c 83 e2 1f 83 fa
0x00007fe27b3f635f:   1e 75 22 f3 0f 10 80 88 00 00 00 0f 2e 05 1b 78
0x00007fe27b3f636f:   bf ff 75 02 7b 0f b0 01 f3 0f 10 0d ed 77 bf ff
0x00007fe27b3f637f:   0f 2e c8 73 20 83 e1 03 83 f9 02 75 0b 48 8b 07
0x00007fe27b3f638f:   ff 90 48 01 00 00 eb 05 48 8b 07 ff 10 3d a3 00
0x00007fe27b3f639f:   00 00 0f 94 c0 48 83 c4 08 5b 41 5e 41 5f 5d c3
0x00007fe27b3f63af:   90 55 48 89 e5 41 57 41 56 53 50 48 89 f3 49 89
0x00007fe27b3f63bf:   ff 83 7e 18 00 74 14 48 8b 43 20 48 8b 00 0f b6
0x00007fe27b3f63cf:   40 2c 3d e0 00 00 00 75 11 eb 17 0f b6 04 25 2c
0x00007fe27b3f63df:   00 00 00 3d e0 00 00 00 74 08 83 e0 0f 83 f8 09
0x00007fe27b3f63ef:   75 11 45 31 f6 44 89 f0 48 83 c4 08 5b 41 5e 41
0x00007fe27b3f63ff:   5f 5d c3 41 b6 01 f2 0f 10 05 a3 81 bf ff 66 0f
0x00007fe27b3f640f:   2e 43 08 77 e0 48 89 df e8 94 fe ff ff 84 c0 75
0x00007fe27b3f641f:   d4 83 7b 18 00 0f 84 99 00 00 00 48 8b 43 20 48
0x00007fe27b3f642f:   8b 00 44 8b 48 18 45 31 db be 00 00 00 00 41 b8
0x00007fe27b3f643f:   00 00 00 00 49 83 f9 02 f2 0f 10 25 61 81 bf ff
0x00007fe27b3f644f:   0f 82 fc 00 00 00 48 8b 78 08 49 8b 57 78 b8 01
0x00007fe27b3f645f:   00 00 00 45 31 c0 f2 0f 10 05 33 82 bf ff f2 0f
0x00007fe27b3f646f:   10 0d eb 82 bf ff 31 f6 45 31 db eb 15 0f 1f 40
0x00007fe27b3f647f:   00 41 83 c3 01 48 83 c0 01 4c 39 c8 0f 83 c0 00 


Stack slot to memory mapping:
stack at sp + 0 slots: 0x0 is NULL
stack at sp + 1 slots: 0x00007fe220324620 points into unknown readable memory: 0x00007fe27bf0fec8 | c8 fe f0 7b e2 7f 00 00
stack at sp + 2 slots: 0x00007fe25d82d801 is pointing into the stack for thread: 0x00007fe2741f2bc0
stack at sp + 3 slots: 0x00007fe25d82f2d8 is pointing into the stack for thread: 0x00007fe2741f2bc0
stack at sp + 4 slots: 0x00007fe25d82d790 is pointing into the stack for thread: 0x00007fe2741f2bc0
stack at sp + 5 slots: 0x00007fe27b3f641c: <offset 0x000000000070f41c> in /app/extra/android-studio/jbr/lib/server/libjvm.so at 0x00007fe27ace7000
stack at sp + 6 slots: 0x00007fe25d82f168 is pointing into the stack for thread: 0x00007fe2741f2bc0
stack at sp + 7 slots: 0x000000000000026d is an unknown value


---------------  P R O C E S S  ---------------

Threads class SMR info:
_java_thread_list=0x00007fe1ec19cf30, length=24, elements={
0x00007fe274026c50, 0x00007fe2741c45a0, 0x00007fe2741c5bf0, 0x00007fe2741eed80,
0x00007fe2741f0130, 0x00007fe2741f1540, 0x00007fe2741f2bc0, 0x00007fe2741f40a0,
0x00007fe2741f5510, 0x00007fe2742a3780, 0x00007fe2742a6da0, 0x00007fe275231560,
0x00007fe27537ea70, 0x00007fe2753be010, 0x00007fe1f801f500, 0x00007fe1f0001660,
0x00007fe1f0006ee0, 0x00007fe1f0008380, 0x00007fe1ec009140, 0x00007fe1ec00c370,
0x00007fe1ec016070, 0x00007fe1ec196170, 0x00007fe1ec182350, 0x00007fe1ec190aa0
}

Java Threads: ( => current thread )
  0x00007fe274026c50 JavaThread "main" [_thread_blocked, id=332, stack(0x00007fe27aaff000,0x00007fe27abff000)]
  0x00007fe2741c45a0 JavaThread "Reference Handler" daemon [_thread_blocked, id=340, stack(0x00007fe278c1c000,0x00007fe278d1c000)]
  0x00007fe2741c5bf0 JavaThread "Finalizer" daemon [_thread_blocked, id=341, stack(0x00007fe278300000,0x00007fe278400000)]
  0x00007fe2741eed80 JavaThread "Signal Dispatcher" daemon [_thread_blocked, id=342, stack(0x00007fe25da32000,0x00007fe25db32000)]
  0x00007fe2741f0130 JavaThread "Service Thread" daemon [_thread_blocked, id=343, stack(0x00007fe25d932000,0x00007fe25da32000)]
  0x00007fe2741f1540 JavaThread "Monitor Deflation Thread" daemon [_thread_blocked, id=344, stack(0x00007fe25d832000,0x00007fe25d932000)]
=>0x00007fe2741f2bc0 JavaThread "C2 CompilerThread0" daemon [_thread_in_native, id=345, stack(0x00007fe25d732000,0x00007fe25d832000)]
  0x00007fe2741f40a0 JavaThread "C1 CompilerThread0" daemon [_thread_blocked, id=346, stack(0x00007fe25d632000,0x00007fe25d732000)]
  0x00007fe2741f5510 JavaThread "Sweeper thread" daemon [_thread_blocked, id=347, stack(0x00007fe25d532000,0x00007fe25d632000)]
  0x00007fe2742a3780 JavaThread "Common-Cleaner" daemon [_thread_blocked, id=348, stack(0x00007fe25d432000,0x00007fe25d532000)]
  0x00007fe2742a6da0 JavaThread "Notification Thread" daemon [_thread_blocked, id=349, stack(0x00007fe25d332000,0x00007fe25d432000)]
  0x00007fe275231560 JavaThread "Daemon health stats" [_thread_blocked, id=356, stack(0x00007fe25ccbf000,0x00007fe25cdbf000)]
  0x00007fe27537ea70 JavaThread "Incoming local TCP Connector on port 41229" [_thread_in_native, id=357, stack(0x00007fe25c900000,0x00007fe25ca00000)]
  0x00007fe2753be010 JavaThread "Daemon periodic checks" [_thread_blocked, id=358, stack(0x00007fe25c2bf000,0x00007fe25c3bf000)]
  0x00007fe1f801f500 JavaThread "Daemon" [_thread_blocked, id=359, stack(0x00007fe25c1bf000,0x00007fe25c2bf000)]
  0x00007fe1f0001660 JavaThread "Handler for socket connection from /127.0.0.1:41229 to /127.0.0.1:45664" [_thread_in_native, id=360, stack(0x00007fe25c0bf000,0x00007fe25c1bf000)]
  0x00007fe1f0006ee0 JavaThread "Cancel handler" [_thread_blocked, id=362, stack(0x00007fe24d700000,0x00007fe24d800000)]
  0x00007fe1f0008380 JavaThread "Daemon worker" [_thread_in_native, id=363, stack(0x00007fe24d600000,0x00007fe24d700000)]
  0x00007fe1ec009140 JavaThread "Asynchronous log dispatcher for DefaultDaemonConnection: socket connection from /127.0.0.1:41229 to /127.0.0.1:45664" [_thread_blocked, id=366, stack(0x00007fe24d500000,0x00007fe24d600000)]
  0x00007fe1ec00c370 JavaThread "Stdin handler" [_thread_blocked, id=367, stack(0x00007fe24d400000,0x00007fe24d500000)]
  0x00007fe1ec016070 JavaThread "Daemon client event forwarder" [_thread_blocked, id=368, stack(0x00007fe24d300000,0x00007fe24d400000)]
  0x00007fe1ec196170 JavaThread "Cache worker for journal cache (/home/pc-fahim/.gradle/caches/journal-1)" [_thread_blocked, id=369, stack(0x00007fe25d0ff000,0x00007fe25d1ff000)]
  0x00007fe1ec182350 JavaThread "File lock request listener" [_thread_in_native, id=370, stack(0x00007fe24d200000,0x00007fe24d300000)]
  0x00007fe1ec190aa0 JavaThread "Cache worker for file hash cache (/home/pc-fahim/.gradle/caches/7.2/fileHashes)" [_thread_blocked, id=380, stack(0x00007fe24d100000,0x00007fe24d200000)]

Other Threads:
  0x00007fe2741752a0 VMThread "VM Thread" [stack: 0x00007fe278d1e000,0x00007fe278e1e000] [id=339]
  0x00007fe274202e30 WatcherThread [stack: 0x00007fe25d232000,0x00007fe25d332000] [id=350]
  0x00007fe274062530 GCTaskThread "GC Thread#0" [stack: 0x00007fe279769000,0x00007fe279869000] [id=334]
  0x00007fe244004fb0 GCTaskThread "GC Thread#1" [stack: 0x00007fe25cfee000,0x00007fe25d0ee000] [id=352]
  0x00007fe2440059e0 GCTaskThread "GC Thread#2" [stack: 0x00007fe25ceec000,0x00007fe25cfec000] [id=353]
  0x00007fe244006800 GCTaskThread "GC Thread#3" [stack: 0x00007fe25cdea000,0x00007fe25ceea000] [id=354]
  0x00007fe274073b10 ConcurrentGCThread "G1 Main Marker" [stack: 0x00007fe279667000,0x00007fe279767000] [id=335]
  0x00007fe274074a70 ConcurrentGCThread "G1 Conc#0" [stack: 0x00007fe279565000,0x00007fe279665000] [id=336]
  0x00007fe27412dbc0 ConcurrentGCThread "G1 Refine#0" [stack: 0x00007fe27905f000,0x00007fe27915f000] [id=337]
  0x00007fe27412eab0 ConcurrentGCThread "G1 Service" [stack: 0x00007fe278f5d000,0x00007fe27905d000] [id=338]

Threads with active compile tasks:
C2 CompilerThread0     4358 1798   !   4       java.security.AccessController::doPrivileged (26 bytes)

VM state: not at safepoint (normal execution)

VM Mutex/Monitor currently owned by a thread: None

Heap address: 0x0000000080000000, size: 2048 MB, Compressed Oops mode: 32-bit

CDS archive(s) not mapped
Compressed class space mapped at: 0x0000000100000000-0x0000000140000000, reserved size: 1073741824
Narrow klass base: 0x0000000000000000, Narrow klass shift: 3, Narrow klass range: 0x140000000

GC Precious Log:
 CPUs: 4 total, 4 available
 Memory: 15935M
 Large Page Support: Disabled
 NUMA Support: Disabled
 Compressed Oops: Enabled (32-bit)
 Heap Region Size: 1M
 Heap Min Capacity: 8M
 Heap Initial Capacity: 250M
 Heap Max Capacity: 2G
 Pre-touch: Disabled
 Parallel Workers: 4
 Concurrent Workers: 1
 Concurrent Refinement Workers: 4
 Periodic GC: Disabled

Heap:
 garbage-first heap   total 65536K, used 29231K [0x0000000080000000, 0x0000000100000000)
  region size 1024K, 20 young (20480K), 7 survivors (7168K)
 Metaspace       used 23328K, committed 23552K, reserved 1073152K
  class space    used 3034K, committed 3136K, reserved 1048576K

Heap Regions: E=young(eden), S=young(survivor), O=old, HS=humongous(starts), HC=humongous(continues), CS=collection set, F=free, OA=open archive, CA=closed archive, TAMS=top-at-mark-start (previous, next)
|   0|0x0000000080000000, 0x0000000080100000, 0x0000000080100000|100%|HS|  |TAMS 0x0000000080100000, 0x0000000080000000| Complete 
|   1|0x0000000080100000, 0x0000000080200000, 0x0000000080200000|100%|HC|  |TAMS 0x0000000080200000, 0x0000000080100000| Complete 
|   2|0x0000000080200000, 0x0000000080300000, 0x0000000080300000|100%|HC|  |TAMS 0x0000000080300000, 0x0000000080200000| Complete 
|   3|0x0000000080300000, 0x0000000080400000, 0x0000000080400000|100%| O|  |TAMS 0x0000000080400000, 0x0000000080300000| Untracked 
|   4|0x0000000080400000, 0x0000000080500000, 0x0000000080500000|100%| O|  |TAMS 0x0000000080500000, 0x0000000080400000| Untracked 
|   5|0x0000000080500000, 0x0000000080600000, 0x0000000080600000|100%| O|  |TAMS 0x0000000080600000, 0x0000000080500000| Untracked 
|   6|0x0000000080600000, 0x0000000080700000, 0x0000000080700000|100%| O|  |TAMS 0x0000000080700000, 0x0000000080600000| Untracked 
|   7|0x0000000080700000, 0x0000000080800000, 0x0000000080800000|100%| O|  |TAMS 0x0000000080800000, 0x0000000080700000| Untracked 
|   8|0x0000000080800000, 0x0000000080800000, 0x0000000080900000|  0%| F|  |TAMS 0x0000000080800000, 0x0000000080800000| Untracked 
|   9|0x0000000080900000, 0x0000000080a00000, 0x0000000080a00000|100%| O|  |TAMS 0x0000000080a00000, 0x0000000080900000| Untracked 
|  10|0x0000000080a00000, 0x0000000080b00000, 0x0000000080b00000|100%| O|  |TAMS 0x0000000080b00000, 0x0000000080a00000| Untracked 
|  11|0x0000000080b00000, 0x0000000080b6bc00, 0x0000000080c00000| 42%| O|  |TAMS 0x0000000080b6bc00, 0x0000000080b00000| Untracked 
|  12|0x0000000080c00000, 0x0000000080c00000, 0x0000000080d00000|  0%| F|  |TAMS 0x0000000080c00000, 0x0000000080c00000| Untracked 
|  13|0x0000000080d00000, 0x0000000080d00000, 0x0000000080e00000|  0%| F|  |TAMS 0x0000000080d00000, 0x0000000080d00000| Untracked 
|  14|0x0000000080e00000, 0x0000000080e00000, 0x0000000080f00000|  0%| F|  |TAMS 0x0000000080e00000, 0x0000000080e00000| Untracked 
|  15|0x0000000080f00000, 0x0000000080f00000, 0x0000000081000000|  0%| F|  |TAMS 0x0000000080f00000, 0x0000000080f00000| Untracked 
|  16|0x0000000081000000, 0x0000000081000000, 0x0000000081100000|  0%| F|  |TAMS 0x0000000081000000, 0x0000000081000000| Untracked 
|  17|0x0000000081100000, 0x0000000081100000, 0x0000000081200000|  0%| F|  |TAMS 0x0000000081100000, 0x0000000081100000| Untracked 
|  18|0x0000000081200000, 0x0000000081200000, 0x0000000081300000|  0%| F|  |TAMS 0x0000000081200000, 0x0000000081200000| Untracked 
|  19|0x0000000081300000, 0x0000000081300000, 0x0000000081400000|  0%| F|  |TAMS 0x0000000081300000, 0x0000000081300000| Untracked 
|  20|0x0000000081400000, 0x0000000081400000, 0x0000000081500000|  0%| F|  |TAMS 0x0000000081400000, 0x0000000081400000| Untracked 
|  21|0x0000000081500000, 0x0000000081500000, 0x0000000081600000|  0%| F|  |TAMS 0x0000000081500000, 0x0000000081500000| Untracked 
|  22|0x0000000081600000, 0x0000000081600000, 0x0000000081700000|  0%| F|  |TAMS 0x0000000081600000, 0x0000000081600000| Untracked 
|  23|0x0000000081700000, 0x0000000081700000, 0x0000000081800000|  0%| F|  |TAMS 0x0000000081700000, 0x0000000081700000| Untracked 
|  24|0x0000000081800000, 0x0000000081800000, 0x0000000081900000|  0%| F|  |TAMS 0x0000000081800000, 0x0000000081800000| Untracked 
|  25|0x0000000081900000, 0x0000000081900000, 0x0000000081a00000|  0%| F|  |TAMS 0x0000000081900000, 0x0000000081900000| Untracked 
|  26|0x0000000081a00000, 0x0000000081a00000, 0x0000000081b00000|  0%| F|  |TAMS 0x0000000081a00000, 0x0000000081a00000| Untracked 
|  27|0x0000000081b00000, 0x0000000081b00000, 0x0000000081c00000|  0%| F|  |TAMS 0x0000000081b00000, 0x0000000081b00000| Untracked 
|  28|0x0000000081c00000, 0x0000000081c00000, 0x0000000081d00000|  0%| F|  |TAMS 0x0000000081c00000, 0x0000000081c00000| Untracked 
|  29|0x0000000081d00000, 0x0000000081d00000, 0x0000000081e00000|  0%| F|  |TAMS 0x0000000081d00000, 0x0000000081d00000| Untracked 
|  30|0x0000000081e00000, 0x0000000081e00000, 0x0000000081f00000|  0%| F|  |TAMS 0x0000000081e00000, 0x0000000081e00000| Untracked 
|  31|0x0000000081f00000, 0x0000000081f00000, 0x0000000082000000|  0%| F|  |TAMS 0x0000000081f00000, 0x0000000081f00000| Untracked 
|  32|0x0000000082000000, 0x0000000082000000, 0x0000000082100000|  0%| F|  |TAMS 0x0000000082000000, 0x0000000082000000| Untracked 
|  33|0x0000000082100000, 0x0000000082100000, 0x0000000082200000|  0%| F|  |TAMS 0x0000000082100000, 0x0000000082100000| Untracked 
|  34|0x0000000082200000, 0x0000000082200000, 0x0000000082300000|  0%| F|  |TAMS 0x0000000082200000, 0x0000000082200000| Untracked 
|  35|0x0000000082300000, 0x0000000082300000, 0x0000000082400000|  0%| F|  |TAMS 0x0000000082300000, 0x0000000082300000| Untracked 
|  36|0x0000000082400000, 0x0000000082400000, 0x0000000082500000|  0%| F|  |TAMS 0x0000000082400000, 0x0000000082400000| Untracked 
|  37|0x0000000082500000, 0x0000000082500000, 0x0000000082600000|  0%| F|  |TAMS 0x0000000082500000, 0x0000000082500000| Untracked 
|  38|0x0000000082600000, 0x0000000082600000, 0x0000000082700000|  0%| F|  |TAMS 0x0000000082600000, 0x0000000082600000| Untracked 
|  39|0x0000000082700000, 0x0000000082700000, 0x0000000082800000|  0%| F|  |TAMS 0x0000000082700000, 0x0000000082700000| Untracked 
|  40|0x0000000082800000, 0x0000000082800000, 0x0000000082900000|  0%| F|  |TAMS 0x0000000082800000, 0x0000000082800000| Untracked 
|  41|0x0000000082900000, 0x0000000082900000, 0x0000000082a00000|  0%| F|  |TAMS 0x0000000082900000, 0x0000000082900000| Untracked 
|  42|0x0000000082a00000, 0x0000000082a00000, 0x0000000082b00000|  0%| F|  |TAMS 0x0000000082a00000, 0x0000000082a00000| Untracked 
|  43|0x0000000082b00000, 0x0000000082b00000, 0x0000000082c00000|  0%| F|  |TAMS 0x0000000082b00000, 0x0000000082b00000| Untracked 
|  44|0x0000000082c00000, 0x0000000082cfa118, 0x0000000082d00000| 97%| E|  |TAMS 0x0000000082c00000, 0x0000000082c00000| Complete 
|  45|0x0000000082d00000, 0x0000000082e00000, 0x0000000082e00000|100%| E|CS|TAMS 0x0000000082d00000, 0x0000000082d00000| Complete 
|  46|0x0000000082e00000, 0x0000000082f00000, 0x0000000082f00000|100%| E|CS|TAMS 0x0000000082e00000, 0x0000000082e00000| Complete 
|  47|0x0000000082f00000, 0x0000000083000000, 0x0000000083000000|100%| E|CS|TAMS 0x0000000082f00000, 0x0000000082f00000| Complete 
|  48|0x0000000083000000, 0x0000000083100000, 0x0000000083100000|100%| E|CS|TAMS 0x0000000083000000, 0x0000000083000000| Complete 
|  49|0x0000000083100000, 0x0000000083200000, 0x0000000083200000|100%| E|CS|TAMS 0x0000000083100000, 0x0000000083100000| Complete 
|  50|0x0000000083200000, 0x0000000083300000, 0x0000000083300000|100%| E|CS|TAMS 0x0000000083200000, 0x0000000083200000| Complete 
|  51|0x0000000083300000, 0x0000000083400000, 0x0000000083400000|100%| E|CS|TAMS 0x0000000083300000, 0x0000000083300000| Complete 
|  52|0x0000000083400000, 0x0000000083500000, 0x0000000083500000|100%| E|CS|TAMS 0x0000000083400000, 0x0000000083400000| Complete 
|  53|0x0000000083500000, 0x0000000083600000, 0x0000000083600000|100%| E|CS|TAMS 0x0000000083500000, 0x0000000083500000| Complete 
|  54|0x0000000083600000, 0x0000000083700000, 0x0000000083700000|100%| E|CS|TAMS 0x0000000083600000, 0x0000000083600000| Complete 
|  55|0x0000000083700000, 0x0000000083800000, 0x0000000083800000|100%| E|CS|TAMS 0x0000000083700000, 0x0000000083700000| Complete 
| 205|0x000000008cd00000, 0x000000008cd20220, 0x000000008ce00000| 12%| S|CS|TAMS 0x000000008cd00000, 0x000000008cd00000| Complete 
| 206|0x000000008ce00000, 0x000000008cf00000, 0x000000008cf00000|100%| S|CS|TAMS 0x000000008ce00000, 0x000000008ce00000| Complete 
| 207|0x000000008cf00000, 0x000000008d000000, 0x000000008d000000|100%| S|CS|TAMS 0x000000008cf00000, 0x000000008cf00000| Complete 
| 208|0x000000008d000000, 0x000000008d100000, 0x000000008d100000|100%| S|CS|TAMS 0x000000008d000000, 0x000000008d000000| Complete 
| 209|0x000000008d100000, 0x000000008d200000, 0x000000008d200000|100%| S|CS|TAMS 0x000000008d100000, 0x000000008d100000| Complete 
| 210|0x000000008d200000, 0x000000008d300000, 0x000000008d300000|100%| S|CS|TAMS 0x000000008d200000, 0x000000008d200000| Complete 
| 211|0x000000008d300000, 0x000000008d400000, 0x000000008d400000|100%| S|CS|TAMS 0x000000008d300000, 0x000000008d300000| Complete 
| 249|0x000000008f900000, 0x000000008fa00000, 0x000000008fa00000|100%| E|CS|TAMS 0x000000008f900000, 0x000000008f900000| Complete 

Card table byte_map: [0x00007fe279ccf000,0x00007fe27a0cf000] _byte_map_base: 0x00007fe2798cf000

Marking Bits (Prev, Next): (CMBitMap*) 0x00007fe274062ff0, (CMBitMap*) 0x00007fe274062fb0
 Prev Bits: [0x00007fe25db32000, 0x00007fe25fb32000)
 Next Bits: [0x00007fe25fb32000, 0x00007fe261b32000)

Polling page: 0x00007fe27c210000

Metaspace:

Usage:
  Non-class:     19,82 MB used.
      Class:      2,96 MB used.
       Both:     22,78 MB used.

Virtual space:
  Non-class space:       24,00 MB reserved,      19,94 MB ( 83%) committed,  3 nodes.
      Class space:        1,00 GB reserved,       3,06 MB ( <1%) committed,  1 nodes.
             Both:        1,02 GB reserved,      23,00 MB (  2%) committed. 

Chunk freelists:
   Non-Class:  3,26 MB
       Class:  991,00 KB
        Both:  4,23 MB

MaxMetaspaceSize: unlimited
CompressedClassSpaceSize: 1,00 GB
Initial GC threshold: 21,00 MB
Current GC threshold: 35,12 MB
CDS: off
MetaspaceReclaimPolicy: balanced
 - commit_granule_bytes: 65536.
 - commit_granule_words: 8192.
 - virtual_space_node_default_size: 1048576.
 - enlarge_chunks_in_place: 1.
 - new_chunks_are_fully_committed: 0.
 - uncommit_free_chunks: 1.
 - use_allocation_guard: 0.
 - handle_deallocations: 1.


Internal statistics:

num_allocs_failed_limit: 3.
num_arena_births: 160.
num_arena_deaths: 0.
num_vsnodes_births: 4.
num_vsnodes_deaths: 0.
num_space_committed: 368.
num_space_uncommitted: 0.
num_chunks_returned_to_freelist: 3.
num_chunks_taken_from_freelist: 640.
num_chunk_merges: 3.
num_chunk_splits: 428.
num_chunks_enlarged: 313.
num_purges: 0.
num_inconsistent_stats: 0.

CodeHeap 'non-profiled nmethods': size=120032Kb used=835Kb max_used=835Kb free=119196Kb
 bounds [0x00007fe2695fa000, 0x00007fe26986a000, 0x00007fe270b32000]
CodeHeap 'profiled nmethods': size=120028Kb used=3519Kb max_used=3519Kb free=116508Kb
 bounds [0x00007fe261b32000, 0x00007fe261ea2000, 0x00007fe269069000]
CodeHeap 'non-nmethods': size=5700Kb used=1201Kb max_used=1219Kb free=4498Kb
 bounds [0x00007fe269069000, 0x00007fe2692d9000, 0x00007fe2695fa000]
 total_blobs=2333 nmethods=1824 adapters=423
 compilation: enabled
              stopped_count=0, restarted_count=0
 full_count=0

Compilation events (20 events):
Event: 4,142 Thread 0x00007fe2741f40a0 1817       3       java.lang.reflect.Method::getGenericParameterTypes (5 bytes)
Event: 4,144 Thread 0x00007fe2741f40a0 nmethod 1817 0x00007fe261e96690 code [0x00007fe261e96940, 0x00007fe261e97990]
Event: 4,144 Thread 0x00007fe2741f40a0 1818       3       java.lang.reflect.Method::hasGenericInformation (13 bytes)
Event: 4,144 Thread 0x00007fe2741f40a0 nmethod 1818 0x00007fe261e97e90 code [0x00007fe261e98020, 0x00007fe261e98190]
Event: 4,144 Thread 0x00007fe2741f40a0 1819       3       java.lang.reflect.Method::getGenericReturnType (20 bytes)
Event: 4,146 Thread 0x00007fe2741f40a0 nmethod 1819 0x00007fe261e98210 code [0x00007fe261e984c0, 0x00007fe261e99590]
Event: 4,146 Thread 0x00007fe2741f40a0 1822       3       java.lang.AbstractStringBuilder::<init> (63 bytes)
Event: 4,146 Thread 0x00007fe2741f40a0 nmethod 1822 0x00007fe261e99b10 code [0x00007fe261e99d00, 0x00007fe261e9a270]
Event: 4,146 Thread 0x00007fe2741f40a0 1823       3       sun.reflect.generics.factory.CoreReflectionFactory::getDeclsLoader (85 bytes)
Event: 4,149 Thread 0x00007fe2741f40a0 nmethod 1823 0x00007fe261e9a490 code [0x00007fe261e9a860, 0x00007fe261e9c930]
Event: 4,149 Thread 0x00007fe2741f40a0 1821       3       sun.reflect.generics.parser.SignatureParser::parseTypeSignature (130 bytes)
Event: 4,149 Thread 0x00007fe2741f40a0 nmethod 1821 0x00007fe261e9d110 code [0x00007fe261e9d2e0, 0x00007fe261e9d760]
Event: 4,149 Thread 0x00007fe2741f40a0 1824       3       org.gradle.internal.service.AbstractServiceMethod::<init> (42 bytes)
Event: 4,153 Thread 0x00007fe2741f40a0 nmethod 1824 0x00007fe261e9d890 code [0x00007fe261e9dc00, 0x00007fe261e9f700]
Event: 4,153 Thread 0x00007fe2741f40a0 1820       1       sun.reflect.generics.repository.AbstractRepository::getFactory (5 bytes)
Event: 4,153 Thread 0x00007fe2741f40a0 nmethod 1820 0x00007fe2696ca990 code [0x00007fe2696cab20, 0x00007fe2696cabf0]
Event: 4,183 Thread 0x00007fe2741f40a0 1825       3       jdk.internal.org.objectweb.asm.MethodWriter::visitTryCatchBlock (67 bytes)
Event: 4,184 Thread 0x00007fe2741f40a0 nmethod 1825 0x00007fe261e9ff10 code [0x00007fe261ea0100, 0x00007fe261ea0780]
Event: 4,184 Thread 0x00007fe2741f40a0 1826       3       jdk.internal.org.objectweb.asm.Handler::<init> (32 bytes)
Event: 4,184 Thread 0x00007fe2741f40a0 nmethod 1826 0x00007fe261ea0990 code [0x00007fe261ea0b40, 0x00007fe261ea0e10]

GC Heap History (8 events):
Event: 0,458 GC heap before
{Heap before GC invocations=0 (full 0):
 garbage-first heap   total 256000K, used 15360K [0x0000000080000000, 0x0000000100000000)
  region size 1024K, 13 young (13312K), 0 survivors (0K)
 Metaspace       used 7082K, committed 7232K, reserved 1056768K
  class space    used 609K, committed 704K, reserved 1048576K
}
Event: 0,463 GC heap after
{Heap after GC invocations=1 (full 0):
 garbage-first heap   total 256000K, used 4112K [0x0000000080000000, 0x0000000100000000)
  region size 1024K, 2 young (2048K), 2 survivors (2048K)
 Metaspace       used 7082K, committed 7232K, reserved 1056768K
  class space    used 609K, committed 704K, reserved 1048576K
}
Event: 1,079 GC heap before
{Heap before GC invocations=1 (full 0):
 garbage-first heap   total 256000K, used 21520K [0x0000000080000000, 0x0000000100000000)
  region size 1024K, 16 young (16384K), 2 survivors (2048K)
 Metaspace       used 10961K, committed 11136K, reserved 1064960K
  class space    used 1164K, committed 1280K, reserved 1048576K
}
Event: 1,086 GC heap after
{Heap after GC invocations=2 (full 0):
 garbage-first heap   total 256000K, used 9087K [0x0000000080000000, 0x0000000100000000)
  region size 1024K, 2 young (2048K), 2 survivors (2048K)
 Metaspace       used 10961K, committed 11136K, reserved 1064960K
  class space    used 1164K, committed 1280K, reserved 1048576K
}
Event: 1,435 GC heap before
{Heap before GC invocations=2 (full 0):
 garbage-first heap   total 256000K, used 30591K [0x0000000080000000, 0x0000000100000000)
  region size 1024K, 23 young (23552K), 2 survivors (2048K)
 Metaspace       used 11439K, committed 11648K, reserved 1064960K
  class space    used 1250K, committed 1344K, reserved 1048576K
}
Event: 1,442 GC heap after
{Heap after GC invocations=3 (full 0):
 garbage-first heap   total 256000K, used 13743K [0x0000000080000000, 0x0000000100000000)
  region size 1024K, 3 young (3072K), 3 survivors (3072K)
 Metaspace       used 11439K, committed 11648K, reserved 1064960K
  class space    used 1250K, committed 1344K, reserved 1048576K
}
Event: 3,650 GC heap before
{Heap before GC invocations=3 (full 0):
 garbage-first heap   total 256000K, used 48559K [0x0000000080000000, 0x0000000100000000)
  region size 1024K, 38 young (38912K), 3 survivors (3072K)
 Metaspace       used 21344K, committed 21504K, reserved 1073152K
  class space    used 2662K, committed 2752K, reserved 1048576K
}
Event: 3,660 GC heap after
{Heap after GC invocations=4 (full 0):
 garbage-first heap   total 256000K, used 16943K [0x0000000080000000, 0x0000000100000000)
  region size 1024K, 7 young (7168K), 7 survivors (7168K)
 Metaspace       used 21344K, committed 21504K, reserved 1073152K
  class space    used 2662K, committed 2752K, reserved 1048576K
}

Dll operation events (11 events):
Event: 0,004 Loaded shared library /app/extra/android-studio/jbr/lib/libjava.so
Event: 0,165 Loaded shared library /app/extra/android-studio/jbr/lib/libnio.so
Event: 0,179 Loaded shared library /app/extra/android-studio/jbr/lib/libzip.so
Event: 0,348 Loaded shared library /app/extra/android-studio/jbr/lib/libjimage.so
Event: 0,420 Loaded shared library /app/extra/android-studio/jbr/lib/libverify.so
Event: 0,660 Loaded shared library /app/extra/android-studio/jbr/lib/libnet.so
Event: 0,663 Loaded shared library /home/pc-fahim/.gradle/native/e1d6ef7f7dcc3fd88c89a11ec53ec762bb8ba0a96d01ffa2cd45eb1d1d8dd5c5/linux-amd64/libnative-platform.so
Event: 0,788 Loaded shared library /home/pc-fahim/.gradle/native/5664cfc778a61ccfe75a443a1ab52a65af34e5dc3c78e0209fed803814484fcb/linux-amd64/libnative-platform-file-events.so
Event: 1,716 Loaded shared library /app/extra/android-studio/jbr/lib/libmanagement.so
Event: 1,718 Loaded shared library /app/extra/android-studio/jbr/lib/libmanagement_ext.so
Event: 1,989 Loaded shared library /app/extra/android-studio/jbr/lib/libextnet.so

Deoptimization events (20 events):
Event: 3,367 Thread 0x00007fe1f0008380 Uncommon trap: trap_request=0xffffffc6 fr.pc=0x00007fe269690c44 relative=0x0000000000000d24
Event: 3,367 Thread 0x00007fe1f0008380 Uncommon trap: reason=bimorphic_or_optimized_type_check action=maybe_recompile pc=0x00007fe269690c44 method=java.util.Properties$LineReader.readLine()I @ 479 c2
Event: 3,367 Thread 0x00007fe1f0008380 DEOPT PACKING pc=0x00007fe269690c44 sp=0x00007fe24d6fac80
Event: 3,367 Thread 0x00007fe1f0008380 DEOPT UNPACKING pc=0x00007fe2690bf693 sp=0x00007fe24d6fac20 mode 2
Event: 3,496 Thread 0x00007fe1f0008380 Uncommon trap: trap_request=0xffffff45 fr.pc=0x00007fe26964aab8 relative=0x00000000000004f8
Event: 3,496 Thread 0x00007fe1f0008380 Uncommon trap: reason=unstable_if action=reinterpret pc=0x00007fe26964aab8 method=java.io.UnixFileSystem.resolve(Ljava/lang/String;Ljava/lang/String;)Ljava/lang/String; @ 4 c2
Event: 3,496 Thread 0x00007fe1f0008380 DEOPT PACKING pc=0x00007fe26964aab8 sp=0x00007fe24d6facf0
Event: 3,496 Thread 0x00007fe1f0008380 DEOPT UNPACKING pc=0x00007fe2690bf693 sp=0x00007fe24d6faca8 mode 2
Event: 3,497 Thread 0x00007fe1f0008380 Uncommon trap: trap_request=0xffffffc6 fr.pc=0x00007fe269653da8 relative=0x0000000000000088
Event: 3,497 Thread 0x00007fe1f0008380 Uncommon trap: reason=bimorphic_or_optimized_type_check action=maybe_recompile pc=0x00007fe269653da8 method=java.util.AbstractList$Itr.hasNext()Z @ 8 c2
Event: 3,497 Thread 0x00007fe1f0008380 DEOPT PACKING pc=0x00007fe269653da8 sp=0x00007fe24d6fa620
Event: 3,497 Thread 0x00007fe1f0008380 DEOPT UNPACKING pc=0x00007fe2690bf693 sp=0x00007fe24d6fa5d8 mode 2
Event: 3,497 Thread 0x00007fe1f0008380 Uncommon trap: trap_request=0xffffffc6 fr.pc=0x00007fe2696541d8 relative=0x0000000000000138
Event: 3,497 Thread 0x00007fe1f0008380 Uncommon trap: reason=bimorphic_or_optimized_type_check action=maybe_recompile pc=0x00007fe2696541d8 method=java.util.AbstractList$Itr.next()Ljava/lang/Object; @ 14 c2
Event: 3,497 Thread 0x00007fe1f0008380 DEOPT PACKING pc=0x00007fe2696541d8 sp=0x00007fe24d6fa610
Event: 3,497 Thread 0x00007fe1f0008380 DEOPT UNPACKING pc=0x00007fe2690bf693 sp=0x00007fe24d6fa5c8 mode 2
Event: 3,497 Thread 0x00007fe1f0008380 Uncommon trap: trap_request=0xffffff45 fr.pc=0x00007fe2696503dc relative=0x000000000000059c
Event: 3,497 Thread 0x00007fe1f0008380 Uncommon trap: reason=unstable_if action=reinterpret pc=0x00007fe2696503dc method=java.io.File.getName()Ljava/lang/String; @ 16 c2
Event: 3,497 Thread 0x00007fe1f0008380 DEOPT PACKING pc=0x00007fe2696503dc sp=0x00007fe24d6fac50
Event: 3,497 Thread 0x00007fe1f0008380 DEOPT UNPACKING pc=0x00007fe2690bf693 sp=0x00007fe24d6fac20 mode 2

Classes unloaded (0 events):
No events

Classes redefined (0 events):
No events

Internal exceptions (20 events):
Event: 1,713 Thread 0x00007fe274026c50 Exception <a 'java/lang/NoSuchMethodError'{0x000000008f6f53b8}: 'java.lang.Object java.lang.invoke.DirectMethodHandle$Holder.invokeStaticInit(java.lang.Object)'> (0x000000008f6f53b8) 
thrown [src/hotspot/share/interpreter/linkResolver.cpp, line 771]
Event: 2,044 Thread 0x00007fe274026c50 Exception <a 'java/lang/NoSuchMethodError'{0x000000008ef08098}: 'void java.lang.invoke.DirectMethodHandle$Holder.invokeStatic(java.lang.Object, java.lang.Object, java.lang.Object)'> (0x000000008ef08098) 
thrown [src/hotspot/share/interpreter/linkResolver.cpp, line 771]
Event: 2,315 Thread 0x00007fe1f0008380 Exception <a 'java/lang/NoSuchMethodError'{0x000000008eac68f8}: 'void java.lang.invoke.DirectMethodHandle$Holder.invokeVirtual(java.lang.Object, java.lang.Object, java.lang.Object, java.lang.Object)'> (0x000000008eac68f8) 
thrown [src/hotspot/share/interpreter/linkResolver.cpp, line 771]
Event: 2,316 Thread 0x00007fe1f0008380 Exception <a 'java/lang/NoSuchMethodError'{0x000000008ead3620}: 'void java.lang.invoke.DirectMethodHandle$Holder.invokeSpecial(java.lang.Object, java.lang.Object, java.lang.Object, java.lang.Object, java.lang.Object)'> (0x000000008ead3620) 
thrown [src/hotspot/share/interpreter/linkResolver.cpp, line 771]
Event: 2,317 Thread 0x00007fe1f0008380 Exception <a 'java/lang/NoSuchMethodError'{0x000000008eadacd8}: 'java.lang.Object java.lang.invoke.Invokers$Holder.invoker(java.lang.Object, java.lang.Object, java.lang.Object, java.lang.Object)'> (0x000000008eadacd8) 
thrown [src/hotspot/share/interpreter/linkResolver.cpp, line 771]
Event: 2,324 Thread 0x00007fe1f0008380 Exception <a 'java/lang/NoSuchMethodError'{0x000000008e909d28}: 'long java.lang.invoke.DirectMethodHandle$Holder.invokeInterface(java.lang.Object, java.lang.Object)'> (0x000000008e909d28) 
thrown [src/hotspot/share/interpreter/linkResolver.cpp, line 771]
Event: 2,329 Thread 0x00007fe1f0008380 Exception <a 'java/lang/NoSuchMethodError'{0x000000008e927998}: 'void java.lang.invoke.DelegatingMethodHandle$Holder.reinvoke_L(java.lang.Object, java.lang.Object, java.lang.Object, java.lang.Object, java.lang.Object, java.lang.Object, java.lang.Object)'> (0x000000008e927998) 
thrown [src/hotspot/share/interpreter/linkResolver.cpp, line 771]
Event: 3,192 Thread 0x00007fe1f0008380 Exception <a 'java/lang/NoSuchMethodError'{0x000000008d9f3448}: 'void java.lang.invoke.DirectMethodHandle$Holder.invokeStaticInit(java.lang.Object)'> (0x000000008d9f3448) 
thrown [src/hotspot/share/interpreter/linkResolver.cpp, line 771]
Event: 3,195 Thread 0x00007fe1f0008380 Exception <a 'java/lang/NoSuchMethodError'{0x000000008d80a418}: 'void java.lang.invoke.DirectMethodHandle$Holder.invokeSpecial(java.lang.Object, java.lang.Object, java.lang.Object)'> (0x000000008d80a418) 
thrown [src/hotspot/share/interpreter/linkResolver.cpp, line 771]
Event: 3,271 Thread 0x00007fe1f0008380 Exception <a 'java/lang/NoSuchMethodError'{0x000000008d7baf40}: 'java.lang.Object java.lang.invoke.DirectMethodHandle$Holder.newInvokeSpecial(java.lang.Object, java.lang.Object, java.lang.Object, int)'> (0x000000008d7baf40) 
thrown [src/hotspot/share/interpreter/linkResolver.cpp, line 771]
Event: 3,272 Thread 0x00007fe1f0008380 Exception <a 'java/lang/NoSuchMethodError'{0x000000008d7bfb18}: 'java.lang.Object java.lang.invoke.DirectMethodHandle$Holder.invokeSpecial(java.lang.Object, java.lang.Object, java.lang.Object, java.lang.Object, int)'> (0x000000008d7bfb18) 
thrown [src/hotspot/share/interpreter/linkResolver.cpp, line 771]
Event: 3,272 Thread 0x00007fe1f0008380 Exception <a 'java/lang/NoSuchMethodError'{0x000000008d7c3ed8}: 'java.lang.Object java.lang.invoke.Invokers$Holder.linkToTargetMethod(java.lang.Object, java.lang.Object, int, java.lang.Object)'> (0x000000008d7c3ed8) 
thrown [src/hotspot/share/interpreter/linkResolver.cpp, line 771]
Event: 3,690 Thread 0x00007fe1f0008380 Exception <a 'java/lang/NoSuchMethodError'{0x000000008f9db928}: 'java.lang.Object java.lang.invoke.DirectMethodHandle$Holder.newInvokeSpecial(java.lang.Object, java.lang.Object, java.lang.Object, java.lang.Object, java.lang.Object)'> (0x000000008f9db928) 
thrown [src/hotspot/share/interpreter/linkResolver.cpp, line 771]
Event: 3,767 Thread 0x00007fe1f0008380 Exception <a 'java/lang/NoSuchMethodError'{0x00000000837d3b50}: 'int java.lang.invoke.DirectMethodHandle$Holder.invokeSpecialIFC(java.lang.Object, java.lang.Object, java.lang.Object, java.lang.Object)'> (0x00000000837d3b50) 
thrown [src/hotspot/share/interpreter/linkResolver.cpp, line 771]
Event: 3,769 Thread 0x00007fe1f0008380 Exception <a 'java/lang/NoSuchMethodError'{0x00000000837e2ba8}: 'java.lang.Object java.lang.invoke.DirectMethodHandle$Holder.invokeInterface(java.lang.Object, java.lang.Object, java.lang.Object)'> (0x00000000837e2ba8) 
thrown [src/hotspot/share/interpreter/linkResolver.cpp, line 771]
Event: 3,770 Thread 0x00007fe1f0008380 Exception <a 'java/lang/IncompatibleClassChangeError'{0x00000000837e6a80}: Found class java.lang.Object, but interface was expected> (0x00000000837e6a80) 
thrown [src/hotspot/share/interpreter/linkResolver.cpp, line 838]
Event: 3,869 Thread 0x00007fe1f0008380 Exception <a 'java/lang/NoSuchMethodError'{0x0000000083346840}: 'int java.lang.invoke.DirectMethodHandle$Holder.invokeStatic(java.lang.Object, java.lang.Object, java.lang.Object, java.lang.Object)'> (0x0000000083346840) 
thrown [src/hotspot/share/interpreter/linkResolver.cpp, line 771]
Event: 3,869 Thread 0x00007fe1f0008380 Exception <a 'java/lang/NoSuchMethodError'{0x000000008334a710}: 'java.lang.Object java.lang.invoke.Invokers$Holder.invokeExact_MT(java.lang.Object, java.lang.Object, java.lang.Object, java.lang.Object, java.lang.Object, java.lang.Object)'> (0x000000008334a710) 
thrown [src/hotspot/share/interpreter/linkResolver.cpp, line 771]
Event: 3,903 Thread 0x00007fe1f0008380 Exception <a 'java/lang/NoSuchMethodError'{0x000000008322c1b0}: 'java.lang.Object java.lang.invoke.DirectMethodHandle$Holder.invokeInterface(java.lang.Object, java.lang.Object)'> (0x000000008322c1b0) 
thrown [src/hotspot/share/interpreter/linkResolver.cpp, line 771]
Event: 4,016 Thread 0x00007fe1f0008380 Exception <a 'java/lang/NoSuchMethodError'{0x0000000083052ea8}: 'java.lang.Object java.lang.invoke.DirectMethodHandle$Holder.invokeSpecial(java.lang.Object, java.lang.Object, java.lang.Object, java.lang.Object, java.lang.Object, java.lang.Object, java.lang.Object, java.lang.Object, java.lang.Object)'> (0x0000000083052ea8) 
thrown [src/hotspot/share/interpreter/linkResolver.cpp, line 771]

VM Operations (20 events):
Event: 1,693 Executing VM operation: HandshakeAllThreads
Event: 1,693 Executing VM operation: HandshakeAllThreads done
Event: 1,756 Executing VM operation: HandshakeAllThreads
Event: 1,756 Executing VM operation: HandshakeAllThreads done
Event: 1,942 Executing VM operation: HandshakeAllThreads
Event: 1,942 Executing VM operation: HandshakeAllThreads done
Event: 1,986 Executing VM operation: HandshakeAllThreads
Event: 1,986 Executing VM operation: HandshakeAllThreads done
Event: 2,885 Executing VM operation: HandshakeAllThreads
Event: 2,885 Executing VM operation: HandshakeAllThreads done
Event: 2,885 Executing VM operation: Cleanup
Event: 2,885 Executing VM operation: Cleanup done
Event: 2,886 Executing VM operation: HandshakeAllThreads
Event: 2,886 Executing VM operation: HandshakeAllThreads done
Event: 3,650 Executing VM operation: CollectForMetadataAllocation
Event: 3,660 Executing VM operation: CollectForMetadataAllocation done
Event: 3,672 Executing VM operation: G1Concurrent
Event: 3,675 Executing VM operation: G1Concurrent done
Event: 3,680 Executing VM operation: G1Concurrent
Event: 3,680 Executing VM operation: G1Concurrent done

Events (20 events):
Event: 3,763 loading class java/nio/file/FileVisitOption
Event: 3,763 loading class java/nio/file/FileVisitOption done
Event: 3,770 loading class java/util/stream/ReduceOps$1
Event: 3,770 loading class java/util/stream/ReduceOps$1 done
Event: 3,770 loading class java/util/stream/ReduceOps$1ReducingSink
Event: 3,771 loading class java/util/stream/ReduceOps$1ReducingSink done
Event: 3,776 loading class java/util/regex/Pattern$Dollar
Event: 3,776 loading class java/util/regex/Pattern$Dollar done
Event: 3,780 loading class java/io/ObjectOutputStream
Event: 3,780 loading class java/io/ObjectOutput
Event: 3,780 loading class java/io/ObjectOutput done
Event: 3,780 loading class java/io/ObjectStreamConstants
Event: 3,780 loading class java/io/ObjectStreamConstants done
Event: 3,780 loading class java/io/ObjectOutputStream done
Event: 3,781 loading class java/io/ObjectInputStream
Event: 3,782 loading class java/io/ObjectInput
Event: 3,782 loading class java/io/ObjectInput done
Event: 3,782 loading class java/io/ObjectInputStream done
Event: 3,903 loading class java/lang/invoke/MethodHandle$1
Event: 3,903 loading class java/lang/invoke/MethodHandle$1 done


Dynamic libraries:
00200000-00201000 r--p 00000000 08:05 8520659                            /app/extra/android-studio/jbr/bin/java
00201000-00202000 r-xp 00000000 08:05 8520659                            /app/extra/android-studio/jbr/bin/java
00202000-00203000 r--p 00000000 08:05 8520659                            /app/extra/android-studio/jbr/bin/java
00203000-00204000 rw-p 00000000 08:05 8520659                            /app/extra/android-studio/jbr/bin/java
015e4000-0162c000 rw-p 00000000 00:00 0                                  [heap]
80000000-83800000 rw-p 00000000 00:00 0 
83800000-8cd00000 ---p 00000000 00:00 0 
8cd00000-8d400000 rw-p 00000000 00:00 0 
8d400000-8f900000 ---p 00000000 00:00 0 
8f900000-8fa00000 rw-p 00000000 00:00 0 
8fa00000-100000000 ---p 00000000 00:00 0 
100000000-100020000 rw-p 00000000 00:00 0 
100020000-100040000 rw-p 00000000 00:00 0 
100040000-1000c0000 rw-p 00000000 00:00 0 
1000c0000-100140000 rw-p 00000000 00:00 0 
100140000-100180000 rw-p 00000000 00:00 0 
100180000-1001c0000 rw-p 00000000 00:00 0 
1001c0000-100200000 rw-p 00000000 00:00 0 
100200000-100310000 rw-p 00000000 00:00 0 
100310000-140000000 ---p 00000000 00:00 0 
7fe1e0000000-7fe1e0021000 rw-p 00000000 00:00 0 
7fe1e0021000-7fe1e4000000 ---p 00000000 00:00 0 
7fe1e4000000-7fe1e4021000 rw-p 00000000 00:00 0 
7fe1e4021000-7fe1e8000000 ---p 00000000 00:00 0 
7fe1e8000000-7fe1e8021000 rw-p 00000000 00:00 0 
7fe1e8021000-7fe1ec000000 ---p 00000000 00:00 0 
7fe1ec000000-7fe1ec2b5000 rw-p 00000000 00:00 0 
7fe1ec2b5000-7fe1f0000000 ---p 00000000 00:00 0 
7fe1f0000000-7fe1f0021000 rw-p 00000000 00:00 0 
7fe1f0021000-7fe1f4000000 ---p 00000000 00:00 0 
7fe1f4000000-7fe1f407b000 rw-p 00000000 00:00 0 
7fe1f407b000-7fe1f8000000 ---p 00000000 00:00 0 
7fe1f8000000-7fe1f805d000 rw-p 00000000 00:00 0 
7fe1f805d000-7fe1fc000000 ---p 00000000 00:00 0 
7fe1fc000000-7fe1fc021000 rw-p 00000000 00:00 0 
7fe1fc021000-7fe200000000 ---p 00000000 00:00 0 
7fe200000000-7fe200021000 rw-p 00000000 00:00 0 
7fe200021000-7fe204000000 ---p 00000000 00:00 0 
7fe204000000-7fe204024000 rw-p 00000000 00:00 0 
7fe204024000-7fe208000000 ---p 00000000 00:00 0 
7fe208000000-7fe208021000 rw-p 00000000 00:00 0 
7fe208021000-7fe20c000000 ---p 00000000 00:00 0 
7fe20c000000-7fe20c021000 rw-p 00000000 00:00 0 
7fe20c021000-7fe210000000 ---p 00000000 00:00 0 
7fe210000000-7fe210021000 rw-p 00000000 00:00 0 
7fe210021000-7fe214000000 ---p 00000000 00:00 0 
7fe214000000-7fe214d2c000 rw-p 00000000 00:00 0 
7fe214d2c000-7fe218000000 ---p 00000000 00:00 0 
7fe218000000-7fe218021000 rw-p 00000000 00:00 0 
7fe218021000-7fe21c000000 ---p 00000000 00:00 0 
7fe21c000000-7fe21c021000 rw-p 00000000 00:00 0 
7fe21c021000-7fe220000000 ---p 00000000 00:00 0 
7fe220000000-7fe220657000 rw-p 00000000 00:00 0 
7fe220657000-7fe224000000 ---p 00000000 00:00 0 
7fe224000000-7fe224021000 rw-p 00000000 00:00 0 
7fe224021000-7fe228000000 ---p 00000000 00:00 0 
7fe228000000-7fe228021000 rw-p 00000000 00:00 0 
7fe228021000-7fe22c000000 ---p 00000000 00:00 0 
7fe22c000000-7fe22d032000 rw-p 00000000 00:00 0 
7fe22d032000-7fe230000000 ---p 00000000 00:00 0 
7fe230000000-7fe230021000 rw-p 00000000 00:00 0 
7fe230021000-7fe234000000 ---p 00000000 00:00 0 
7fe234000000-7fe234021000 rw-p 00000000 00:00 0 
7fe234021000-7fe238000000 ---p 00000000 00:00 0 
7fe238000000-7fe238021000 rw-p 00000000 00:00 0 
7fe238021000-7fe23c000000 ---p 00000000 00:00 0 
7fe23c000000-7fe23c021000 rw-p 00000000 00:00 0 
7fe23c021000-7fe240000000 ---p 00000000 00:00 0 
7fe240000000-7fe240021000 rw-p 00000000 00:00 0 
7fe240021000-7fe244000000 ---p 00000000 00:00 0 
7fe244000000-7fe244021000 rw-p 00000000 00:00 0 
7fe244021000-7fe248000000 ---p 00000000 00:00 0 
7fe248000000-7fe248021000 rw-p 00000000 00:00 0 
7fe248021000-7fe24c000000 ---p 00000000 00:00 0 
7fe24c56b000-7fe24cb00000 rw-p 00000000 00:00 0 
7fe24cb00000-7fe24cb30000 rw-p 00000000 00:00 0 
7fe24cb30000-7fe24cc00000 ---p 00000000 00:00 0 
7fe24cc00000-7fe24ccc0000 rw-p 00000000 00:00 0 
7fe24ccc0000-7fe24d000000 ---p 00000000 00:00 0 
7fe24d100000-7fe24d104000 ---p 00000000 00:00 0 
7fe24d104000-7fe24d200000 rw-p 00000000 00:00 0 
7fe24d200000-7fe24d204000 ---p 00000000 00:00 0 
7fe24d204000-7fe24d300000 rw-p 00000000 00:00 0 
7fe24d300000-7fe24d304000 ---p 00000000 00:00 0 
7fe24d304000-7fe24d400000 rw-p 00000000 00:00 0 
7fe24d400000-7fe24d404000 ---p 00000000 00:00 0 
7fe24d404000-7fe24d500000 rw-p 00000000 00:00 0 
7fe24d500000-7fe24d504000 ---p 00000000 00:00 0 
7fe24d504000-7fe24d600000 rw-p 00000000 00:00 0 
7fe24d600000-7fe24d604000 ---p 00000000 00:00 0 
7fe24d604000-7fe24d700000 rw-p 00000000 00:00 0 
7fe24d700000-7fe24d704000 ---p 00000000 00:00 0 
7fe24d704000-7fe24d900000 rw-p 00000000 00:00 0 
7fe24d900000-7fe24daa0000 rw-p 00000000 00:00 0 
7fe24daa0000-7fe24dac0000 rw-p 00000000 00:00 0 
7fe24dac0000-7fe24db00000 rw-p 00000000 00:00 0 
7fe24db00000-7fe24dcc0000 rw-p 00000000 00:00 0 
7fe24dcc0000-7fe24dd00000 rw-p 00000000 00:00 0 
7fe24dd00000-7fe24df00000 rw-p 00000000 00:00 0 
7fe24df00000-7fe250000000 rw-p 00000000 00:00 0 
7fe250000000-7fe250021000 rw-p 00000000 00:00 0 
7fe250021000-7fe254000000 ---p 00000000 00:00 0 
7fe254000000-7fe254021000 rw-p 00000000 00:00 0 
7fe254021000-7fe258000000 ---p 00000000 00:00 0 
7fe258000000-7fe258021000 rw-p 00000000 00:00 0 
7fe258021000-7fe25c000000 ---p 00000000 00:00 0 
7fe25c0bf000-7fe25c0c3000 ---p 00000000 00:00 0 
7fe25c0c3000-7fe25c1bf000 rw-p 00000000 00:00 0 
7fe25c1bf000-7fe25c1c3000 ---p 00000000 00:00 0 
7fe25c1c3000-7fe25c2bf000 rw-p 00000000 00:00 0 
7fe25c2bf000-7fe25c2c3000 ---p 00000000 00:00 0 
7fe25c2c3000-7fe25c3bf000 rw-p 00000000 00:00 0 
7fe25c3bf000-7fe25c460000 r--p 00000000 08:05 4726790                    /usr/lib/x86_64-linux-gnu/libstdc++.so.6.0.30
7fe25c460000-7fe25c57f000 r-xp 000a1000 08:05 4726790                    /usr/lib/x86_64-linux-gnu/libstdc++.so.6.0.30
7fe25c57f000-7fe25c5ef000 r--p 001c0000 08:05 4726790                    /usr/lib/x86_64-linux-gnu/libstdc++.so.6.0.30
7fe25c5ef000-7fe25c5fa000 r--p 0022f000 08:05 4726790                    /usr/lib/x86_64-linux-gnu/libstdc++.so.6.0.30
7fe25c5fa000-7fe25c5fd000 rw-p 0023a000 08:05 4726790                    /usr/lib/x86_64-linux-gnu/libstdc++.so.6.0.30
7fe25c5fd000-7fe25c600000 rw-p 00000000 00:00 0 
7fe25c600000-7fe25c651000 r-xp 00000000 08:05 13677860                   /home/pc-fahim/.gradle/native/5664cfc778a61ccfe75a443a1ab52a65af34e5dc3c78e0209fed803814484fcb/linux-amd64/libnative-platform-file-events.so
7fe25c651000-7fe25c851000 ---p 00051000 08:05 13677860                   /home/pc-fahim/.gradle/native/5664cfc778a61ccfe75a443a1ab52a65af34e5dc3c78e0209fed803814484fcb/linux-amd64/libnative-platform-file-events.so
7fe25c851000-7fe25c852000 r--p 00051000 08:05 13677860                   /home/pc-fahim/.gradle/native/5664cfc778a61ccfe75a443a1ab52a65af34e5dc3c78e0209fed803814484fcb/linux-amd64/libnative-platform-file-events.so
7fe25c852000-7fe25c854000 rw-p 00052000 08:05 13677860                   /home/pc-fahim/.gradle/native/5664cfc778a61ccfe75a443a1ab52a65af34e5dc3c78e0209fed803814484fcb/linux-amd64/libnative-platform-file-events.so
7fe25c900000-7fe25c904000 ---p 00000000 00:00 0 
7fe25c904000-7fe25ca00000 rw-p 00000000 00:00 0 
7fe25ca00000-7fe25ca05000 r-xp 00000000 08:05 13677852                   /home/pc-fahim/.gradle/native/e1d6ef7f7dcc3fd88c89a11ec53ec762bb8ba0a96d01ffa2cd45eb1d1d8dd5c5/linux-amd64/libnative-platform.so
7fe25ca05000-7fe25cc05000 ---p 00005000 08:05 13677852                   /home/pc-fahim/.gradle/native/e1d6ef7f7dcc3fd88c89a11ec53ec762bb8ba0a96d01ffa2cd45eb1d1d8dd5c5/linux-amd64/libnative-platform.so
7fe25cc05000-7fe25cc06000 r--p 00005000 08:05 13677852                   /home/pc-fahim/.gradle/native/e1d6ef7f7dcc3fd88c89a11ec53ec762bb8ba0a96d01ffa2cd45eb1d1d8dd5c5/linux-amd64/libnative-platform.so
7fe25cc06000-7fe25cc07000 rw-p 00006000 08:05 13677852                   /home/pc-fahim/.gradle/native/e1d6ef7f7dcc3fd88c89a11ec53ec762bb8ba0a96d01ffa2cd45eb1d1d8dd5c5/linux-amd64/libnative-platform.so
7fe25ccbf000-7fe25ccc3000 ---p 00000000 00:00 0 
7fe25ccc3000-7fe25cdbf000 rw-p 00000000 00:00 0 
7fe25cdbf000-7fe25cdc2000 r--p 00000000 08:05 8520738                    /app/extra/android-studio/jbr/lib/libmanagement_ext.so
7fe25cdc2000-7fe25cdc5000 r-xp 00002000 08:05 8520738                    /app/extra/android-studio/jbr/lib/libmanagement_ext.so
7fe25cdc5000-7fe25cdc6000 r--p 00004000 08:05 8520738                    /app/extra/android-studio/jbr/lib/libmanagement_ext.so
7fe25cdc6000-7fe25cdc7000 rw-p 00004000 08:05 8520738                    /app/extra/android-studio/jbr/lib/libmanagement_ext.so
7fe25cdc7000-7fe25cdcb000 r--p 00000000 08:05 4735730                    /usr/lib/x86_64-linux-gnu/libgcc_s.so.1
7fe25cdcb000-7fe25cde2000 r-xp 00004000 08:05 4735730                    /usr/lib/x86_64-linux-gnu/libgcc_s.so.1
7fe25cde2000-7fe25cde6000 r--p 0001b000 08:05 4735730                    /usr/lib/x86_64-linux-gnu/libgcc_s.so.1
7fe25cde6000-7fe25cde7000 r--p 0001e000 08:05 4735730                    /usr/lib/x86_64-linux-gnu/libgcc_s.so.1
7fe25cde7000-7fe25cde8000 rw-p 0001f000 08:05 4735730                    /usr/lib/x86_64-linux-gnu/libgcc_s.so.1
7fe25cde8000-7fe25cde9000 ---p 00000000 00:00 0 
7fe25cde9000-7fe25ceea000 rw-p 00000000 00:00 0 
7fe25ceea000-7fe25ceeb000 ---p 00000000 00:00 0 
7fe25ceeb000-7fe25cfec000 rw-p 00000000 00:00 0 
7fe25cfec000-7fe25cfed000 ---p 00000000 00:00 0 
7fe25cfed000-7fe25d0ee000 rw-p 00000000 00:00 0 
7fe25d0ee000-7fe25d0f4000 r--p 00000000 08:05 8520742                    /app/extra/android-studio/jbr/lib/libverify.so
7fe25d0f4000-7fe25d0fc000 r-xp 00005000 08:05 8520742                    /app/extra/android-studio/jbr/lib/libverify.so
7fe25d0fc000-7fe25d0fe000 r--p 0000c000 08:05 8520742                    /app/extra/android-studio/jbr/lib/libverify.so
7fe25d0fe000-7fe25d0ff000 rw-p 0000d000 08:05 8520742                    /app/extra/android-studio/jbr/lib/libverify.so
7fe25d0ff000-7fe25d103000 ---p 00000000 00:00 0 
7fe25d103000-7fe25d230000 rw-p 00000000 00:00 0 
7fe25d230000-7fe25d231000 ---p 00000000 00:00 0 
7fe25d231000-7fe25d332000 rw-p 00000000 00:00 0 
7fe25d332000-7fe25d336000 ---p 00000000 00:00 0 
7fe25d336000-7fe25d432000 rw-p 00000000 00:00 0 
7fe25d432000-7fe25d436000 ---p 00000000 00:00 0 
7fe25d436000-7fe25d532000 rw-p 00000000 00:00 0 
7fe25d532000-7fe25d536000 ---p 00000000 00:00 0 
7fe25d536000-7fe25d632000 rw-p 00000000 00:00 0 
7fe25d632000-7fe25d636000 ---p 00000000 00:00 0 
7fe25d636000-7fe25d732000 rw-p 00000000 00:00 0 
7fe25d732000-7fe25d736000 ---p 00000000 00:00 0 
7fe25d736000-7fe25d832000 rw-p 00000000 00:00 0 
7fe25d832000-7fe25d836000 ---p 00000000 00:00 0 
7fe25d836000-7fe25d932000 rw-p 00000000 00:00 0 
7fe25d932000-7fe25d936000 ---p 00000000 00:00 0 
7fe25d936000-7fe25da32000 rw-p 00000000 00:00 0 
7fe25da32000-7fe25da36000 ---p 00000000 00:00 0 
7fe25da36000-7fe25dc12000 rw-p 00000000 00:00 0 
7fe25dc12000-7fe25de66000 ---p 00000000 00:00 0 
7fe25de66000-7fe25de82000 rw-p 00000000 00:00 0 
7fe25de82000-7fe25df16000 ---p 00000000 00:00 0 
7fe25df16000-7fe25df1a000 rw-p 00000000 00:00 0 
7fe25df1a000-7fe25fb32000 ---p 00000000 00:00 0 
7fe25fb32000-7fe25fc12000 rw-p 00000000 00:00 0 
7fe25fc12000-7fe25fe66000 ---p 00000000 00:00 0 
7fe25fe66000-7fe25fe82000 rw-p 00000000 00:00 0 
7fe25fe82000-7fe25ff16000 ---p 00000000 00:00 0 
7fe25ff16000-7fe25ff1a000 rw-p 00000000 00:00 0 
7fe25ff1a000-7fe261b32000 ---p 00000000 00:00 0 
7fe261b32000-7fe261ea2000 rwxp 00000000 00:00 0 
7fe261ea2000-7fe269069000 ---p 00000000 00:00 0 
7fe269069000-7fe2692d9000 rwxp 00000000 00:00 0 
7fe2692d9000-7fe2695fa000 ---p 00000000 00:00 0 
7fe2695fa000-7fe26986a000 rwxp 00000000 00:00 0 
7fe26986a000-7fe270b32000 ---p 00000000 00:00 0 
7fe270b32000-7fe274000000 r--s 00000000 08:05 8520744                    /app/extra/android-studio/jbr/lib/modules
7fe274000000-7fe2753d7000 rw-p 00000000 00:00 0 
7fe2753d7000-7fe278000000 ---p 00000000 00:00 0 
7fe278005000-7fe27800c000 r--p 00000000 08:05 8520767                    /app/extra/android-studio/jbr/lib/libnet.so
7fe27800c000-7fe278019000 r-xp 00006000 08:05 8520767                    /app/extra/android-studio/jbr/lib/libnet.so
7fe278019000-7fe27801a000 r--p 00012000 08:05 8520767                    /app/extra/android-studio/jbr/lib/libnet.so
7fe27801a000-7fe27801b000 rw-p 00012000 08:05 8520767                    /app/extra/android-studio/jbr/lib/libnet.so
7fe27801b000-7fe27801c000 rw-p 00000000 00:00 0 
7fe27801c000-7fe278027000 r--p 00000000 08:05 8520768                    /app/extra/android-studio/jbr/lib/libnio.so
7fe278027000-7fe27802f000 r-xp 0000a000 08:05 8520768                    /app/extra/android-studio/jbr/lib/libnio.so
7fe27802f000-7fe278030000 r--p 00011000 08:05 8520768                    /app/extra/android-studio/jbr/lib/libnio.so
7fe278030000-7fe278031000 rw-p 00011000 08:05 8520768                    /app/extra/android-studio/jbr/lib/libnio.so
7fe278031000-7fe278088000 r--p 00000000 08:05 4463616                    /usr/share/runtime/locale/fr/lib/fr_FR.utf8/LC_CTYPE
7fe278088000-7fe278300000 r--p 00000000 08:05 8278728                    /usr/share/runtime/locale/fr/lib/fr_FR.utf8/LC_COLLATE
7fe278300000-7fe278304000 ---p 00000000 00:00 0 
7fe278304000-7fe278900000 rw-p 00000000 00:00 0 
7fe278900000-7fe278940000 rw-p 00000000 00:00 0 
7fe278940000-7fe278980000 rw-p 00000000 00:00 0 
7fe278980000-7fe278b00000 rw-p 00000000 00:00 0 
7fe278b00000-7fe278bc0000 rw-p 00000000 00:00 0 
7fe278bc0000-7fe278c00000 rw-p 00000000 00:00 0 
7fe278c02000-7fe278c03000 r--p 00000000 08:05 8520758                    /app/extra/android-studio/jbr/lib/libextnet.so
7fe278c03000-7fe278c05000 r-xp 00000000 08:05 8520758                    /app/extra/android-studio/jbr/lib/libextnet.so
7fe278c05000-7fe278c06000 r--p 00001000 08:05 8520758                    /app/extra/android-studio/jbr/lib/libextnet.so
7fe278c06000-7fe278c07000 rw-p 00001000 08:05 8520758                    /app/extra/android-studio/jbr/lib/libextnet.so
7fe278c07000-7fe278c0a000 r--p 00000000 08:05 8520760                    /app/extra/android-studio/jbr/lib/libmanagement.so
7fe278c0a000-7fe278c0c000 r-xp 00002000 08:05 8520760                    /app/extra/android-studio/jbr/lib/libmanagement.so
7fe278c0c000-7fe278c0d000 r--p 00003000 08:05 8520760                    /app/extra/android-studio/jbr/lib/libmanagement.so
7fe278c0d000-7fe278c0e000 rw-p 00003000 08:05 8520760                    /app/extra/android-studio/jbr/lib/libmanagement.so
7fe278c0e000-7fe278c0f000 r--p 00000000 08:05 8267531                    /usr/share/runtime/locale/fr/lib/fr_FR.utf8/LC_NUMERIC
7fe278c0f000-7fe278c10000 r--p 00000000 08:05 8279497                    /usr/share/runtime/locale/fr/lib/fr_FR.utf8/LC_TIME
7fe278c10000-7fe278c11000 r--p 00000000 08:05 8279412                    /usr/share/runtime/locale/fr/lib/fr_FR.utf8/LC_MONETARY
7fe278c11000-7fe278c12000 r--p 00000000 08:05 8273777                    /usr/share/runtime/locale/fr/lib/fr_FR.utf8/LC_MESSAGES/SYS_LC_MESSAGES
7fe278c12000-7fe278c13000 r--p 00000000 08:05 8279283                    /usr/share/runtime/locale/fr/lib/fr_FR.utf8/LC_PAPER
7fe278c13000-7fe278c14000 r--p 00000000 08:05 8277000                    /usr/share/runtime/locale/fr/lib/fr_FR.utf8/LC_NAME
7fe278c14000-7fe278c15000 r--p 00000000 08:05 8274607                    /usr/share/runtime/locale/fr/lib/fr_FR.utf8/LC_ADDRESS
7fe278c15000-7fe278c1c000 r--s 00000000 08:05 4229174                    /usr/lib/x86_64-linux-gnu/gconv/gconv-modules.cache
7fe278c1c000-7fe278c20000 ---p 00000000 00:00 0 
7fe278c20000-7fe278d1c000 rw-p 00000000 00:00 0 
7fe278d1c000-7fe278d1d000 ---p 00000000 00:00 0 
7fe278d1d000-7fe278e1e000 rw-p 00000000 00:00 0 
7fe278e1e000-7fe278e27000 r--p 00000000 08:05 8520740                    /app/extra/android-studio/jbr/lib/libzip.so
7fe278e27000-7fe278e3b000 r-xp 00008000 08:05 8520740                    /app/extra/android-studio/jbr/lib/libzip.so
7fe278e3b000-7fe278e3d000 r--p 0001b000 08:05 8520740                    /app/extra/android-studio/jbr/lib/libzip.so
7fe278e3d000-7fe278e3e000 rw-p 0001c000 08:05 8520740                    /app/extra/android-studio/jbr/lib/libzip.so
7fe278e3e000-7fe278f5b000 rw-p 00000000 00:00 0 
7fe278f5b000-7fe278f5c000 ---p 00000000 00:00 0 
7fe278f5c000-7fe27905d000 rw-p 00000000 00:00 0 
7fe27905d000-7fe27905e000 ---p 00000000 00:00 0 
7fe27905e000-7fe279563000 rw-p 00000000 00:00 0 
7fe279563000-7fe279564000 ---p 00000000 00:00 0 
7fe279564000-7fe279665000 rw-p 00000000 00:00 0 
7fe279665000-7fe279666000 ---p 00000000 00:00 0 
7fe279666000-7fe279767000 rw-p 00000000 00:00 0 
7fe279767000-7fe279768000 ---p 00000000 00:00 0 
7fe279768000-7fe2798eb000 rw-p 00000000 00:00 0 
7fe2798eb000-7fe279935000 ---p 00000000 00:00 0 
7fe279935000-7fe279939000 rw-p 00000000 00:00 0 
7fe279939000-7fe27994b000 ---p 00000000 00:00 0 
7fe27994b000-7fe27994c000 rw-p 00000000 00:00 0 
7fe27994c000-7fe279ccf000 ---p 00000000 00:00 0 
7fe279ccf000-7fe279ceb000 rw-p 00000000 00:00 0 
7fe279ceb000-7fe279d35000 ---p 00000000 00:00 0 
7fe279d35000-7fe279d39000 rw-p 00000000 00:00 0 
7fe279d39000-7fe279d4b000 ---p 00000000 00:00 0 
7fe279d4b000-7fe279d4c000 rw-p 00000000 00:00 0 
7fe279d4c000-7fe27a0cf000 ---p 00000000 00:00 0 
7fe27a0cf000-7fe27a0eb000 rw-p 00000000 00:00 0 
7fe27a0eb000-7fe27a135000 ---p 00000000 00:00 0 
7fe27a135000-7fe27a139000 rw-p 00000000 00:00 0 
7fe27a139000-7fe27a14b000 ---p 00000000 00:00 0 
7fe27a14b000-7fe27a14c000 rw-p 00000000 00:00 0 
7fe27a14c000-7fe27a4cf000 ---p 00000000 00:00 0 
7fe27a4cf000-7fe27a8d8000 rw-p 00000000 00:00 0 
7fe27a8d8000-7fe27a9be000 ---p 00000000 00:00 0 
7fe27a9be000-7fe27a9c5000 rw-p 00000000 00:00 0 
7fe27a9c5000-7fe27aaa9000 ---p 00000000 00:00 0 
7fe27aaa9000-7fe27aaae000 rw-p 00000000 00:00 0 
7fe27aaae000-7fe27aab5000 ---p 00000000 00:00 0 
7fe27aab5000-7fe27aac7000 r--p 00000000 08:05 8520679                    /app/extra/android-studio/jbr/lib/libjava.so
7fe27aac7000-7fe27aad9000 r-xp 00011000 08:05 8520679                    /app/extra/android-studio/jbr/lib/libjava.so
7fe27aad9000-7fe27aadb000 r--p 00022000 08:05 8520679                    /app/extra/android-studio/jbr/lib/libjava.so
7fe27aadb000-7fe27aadc000 rw-p 00023000 08:05 8520679                    /app/extra/android-studio/jbr/lib/libjava.so
7fe27aadc000-7fe27aae7000 r--p 00000000 08:05 8520737                    /app/extra/android-studio/jbr/lib/libjimage.so
7fe27aae7000-7fe27aafc000 r-xp 0000a000 08:05 8520737                    /app/extra/android-studio/jbr/lib/libjimage.so
7fe27aafc000-7fe27aafe000 r--p 0001e000 08:05 8520737                    /app/extra/android-studio/jbr/lib/libjimage.so
7fe27aafe000-7fe27aaff000 rw-p 0001f000 08:05 8520737                    /app/extra/android-studio/jbr/lib/libjimage.so
7fe27aaff000-7fe27ab03000 ---p 00000000 00:00 0 
7fe27ab03000-7fe27abff000 rw-p 00000000 00:00 0 
7fe27abff000-7fe27ac00000 r--p 00000000 08:05 4473642                    /usr/lib/x86_64-linux-gnu/librt.so.1
7fe27ac00000-7fe27ac01000 r-xp 00001000 08:05 4473642                    /usr/lib/x86_64-linux-gnu/librt.so.1
7fe27ac01000-7fe27ac02000 r--p 00002000 08:05 4473642                    /usr/lib/x86_64-linux-gnu/librt.so.1
7fe27ac02000-7fe27ac03000 r--p 00002000 08:05 4473642                    /usr/lib/x86_64-linux-gnu/librt.so.1
7fe27ac03000-7fe27ac04000 rw-p 00003000 08:05 4473642                    /usr/lib/x86_64-linux-gnu/librt.so.1
7fe27ac04000-7fe27ac12000 r--p 00000000 08:05 4727409                    /usr/lib/x86_64-linux-gnu/libm.so.6
7fe27ac12000-7fe27ac88000 r-xp 0000e000 08:05 4727409                    /usr/lib/x86_64-linux-gnu/libm.so.6
7fe27ac88000-7fe27ace5000 r--p 00084000 08:05 4727409                    /usr/lib/x86_64-linux-gnu/libm.so.6
7fe27ace5000-7fe27ace6000 r--p 000e0000 08:05 4727409                    /usr/lib/x86_64-linux-gnu/libm.so.6
7fe27ace6000-7fe27ace7000 rw-p 000e1000 08:05 4727409                    /usr/lib/x86_64-linux-gnu/libm.so.6
7fe27ace7000-7fe27b223000 r--p 00000000 08:05 8520756                    /app/extra/android-studio/jbr/lib/server/libjvm.so
7fe27b223000-7fe27be9d000 r-xp 0053b000 08:05 8520756                    /app/extra/android-studio/jbr/lib/server/libjvm.so
7fe27be9d000-7fe27bf5f000 r--p 011b4000 08:05 8520756                    /app/extra/android-studio/jbr/lib/server/libjvm.so
7fe27bf5f000-7fe27bf92000 rw-p 01275000 08:05 8520756                    /app/extra/android-studio/jbr/lib/server/libjvm.so
7fe27bf92000-7fe27bfee000 rw-p 00000000 00:00 0 
7fe27bfee000-7fe27c016000 r--p 00000000 08:05 4473419                    /usr/lib/x86_64-linux-gnu/libc.so.6
7fe27c016000-7fe27c196000 r-xp 00028000 08:05 4473419                    /usr/lib/x86_64-linux-gnu/libc.so.6
7fe27c196000-7fe27c1e8000 r--p 001a8000 08:05 4473419                    /usr/lib/x86_64-linux-gnu/libc.so.6
7fe27c1e8000-7fe27c1ec000 r--p 001f9000 08:05 4473419                    /usr/lib/x86_64-linux-gnu/libc.so.6
7fe27c1ec000-7fe27c1ee000 rw-p 001fd000 08:05 4473419                    /usr/lib/x86_64-linux-gnu/libc.so.6
7fe27c1ee000-7fe27c1fb000 rw-p 00000000 00:00 0 
7fe27c1fb000-7fe27c1fc000 r--p 00000000 08:05 4462995                    /usr/lib/x86_64-linux-gnu/libdl.so.2
7fe27c1fc000-7fe27c1fd000 r-xp 00001000 08:05 4462995                    /usr/lib/x86_64-linux-gnu/libdl.so.2
7fe27c1fd000-7fe27c1fe000 r--p 00002000 08:05 4462995                    /usr/lib/x86_64-linux-gnu/libdl.so.2
7fe27c1fe000-7fe27c1ff000 r--p 00002000 08:05 4462995                    /usr/lib/x86_64-linux-gnu/libdl.so.2
7fe27c1ff000-7fe27c200000 rw-p 00003000 08:05 4462995                    /usr/lib/x86_64-linux-gnu/libdl.so.2
7fe27c200000-7fe27c201000 r--p 00000000 08:05 4458444                    /usr/lib/x86_64-linux-gnu/libpthread.so.0
7fe27c201000-7fe27c202000 r-xp 00001000 08:05 4458444                    /usr/lib/x86_64-linux-gnu/libpthread.so.0
7fe27c202000-7fe27c203000 r--p 00002000 08:05 4458444                    /usr/lib/x86_64-linux-gnu/libpthread.so.0
7fe27c203000-7fe27c204000 r--p 00002000 08:05 4458444                    /usr/lib/x86_64-linux-gnu/libpthread.so.0
7fe27c204000-7fe27c205000 rw-p 00003000 08:05 4458444                    /usr/lib/x86_64-linux-gnu/libpthread.so.0
7fe27c205000-7fe27c206000 r--p 00000000 08:05 8273096                    /usr/share/runtime/locale/fr/lib/fr_FR.utf8/LC_TELEPHONE
7fe27c206000-7fe27c207000 r--p 00000000 08:05 8280299                    /usr/share/runtime/locale/fr/lib/fr_FR.utf8/LC_MEASUREMENT
7fe27c207000-7fe27c208000 r--p 00000000 08:05 8275961                    /usr/share/runtime/locale/fr/lib/fr_FR.utf8/LC_IDENTIFICATION
7fe27c208000-7fe27c210000 rw-s 00000000 00:33 159                        /tmp/hsperfdata_pc-fahim/329
7fe27c210000-7fe27c211000 ---p 00000000 00:00 0 
7fe27c211000-7fe27c212000 r--p 00000000 00:00 0 
7fe27c212000-7fe27c213000 ---p 00000000 00:00 0 
7fe27c213000-7fe27c21b000 r--p 00000000 08:05 8520753                    /app/extra/android-studio/jbr/lib/libjli.so
7fe27c21b000-7fe27c22a000 r-xp 00007000 08:05 8520753                    /app/extra/android-studio/jbr/lib/libjli.so
7fe27c22a000-7fe27c22b000 r--p 00015000 08:05 8520753                    /app/extra/android-studio/jbr/lib/libjli.so
7fe27c22b000-7fe27c22c000 rw-p 00015000 08:05 8520753                    /app/extra/android-studio/jbr/lib/libjli.so
7fe27c22c000-7fe27c22e000 rw-p 00000000 00:00 0 
7fe27c22e000-7fe27c230000 r--p 00000000 08:05 4465271                    /usr/lib/x86_64-linux-gnu/ld-linux-x86-64.so.2
7fe27c230000-7fe27c258000 r-xp 00002000 08:05 4465271                    /usr/lib/x86_64-linux-gnu/ld-linux-x86-64.so.2
7fe27c258000-7fe27c263000 r--p 0002a000 08:05 4465271                    /usr/lib/x86_64-linux-gnu/ld-linux-x86-64.so.2
7fe27c263000-7fe27c265000 r--p 00034000 08:05 4465271                    /usr/lib/x86_64-linux-gnu/ld-linux-x86-64.so.2
7fe27c265000-7fe27c267000 rw-p 00036000 08:05 4465271                    /usr/lib/x86_64-linux-gnu/ld-linux-x86-64.so.2
7ffd1e363000-7ffd1e384000 rw-p 00000000 00:00 0                          [stack]
7ffd1e3f2000-7ffd1e3f5000 r--p 00000000 00:00 0                          [vvar]
7ffd1e3f5000-7ffd1e3f6000 r-xp 00000000 00:00 0                          [vdso]
ffffffffff600000-ffffffffff601000 --xp 00000000 00:00 0                  [vsyscall]


VM Arguments:
jvm_args: --add-exports=java.base/sun.nio.ch=ALL-UNNAMED --add-opens=java.base/java.lang=ALL-UNNAMED --add-opens=java.base/java.lang.reflect=ALL-UNNAMED --add-opens=java.base/java.io=ALL-UNNAMED --add-exports=jdk.unsupported/sun.misc=ALL-UNNAMED --add-opens=java.base/java.util=ALL-UNNAMED --add-opens=java.base/java.lang=ALL-UNNAMED --add-opens=java.base/java.lang.invoke=ALL-UNNAMED --add-opens=java.base/java.util=ALL-UNNAMED --add-opens=java.prefs/java.util.prefs=ALL-UNNAMED --add-opens=java.prefs/java.util.prefs=ALL-UNNAMED --add-opens=java.base/java.nio.charset=ALL-UNNAMED --add-opens=java.base/java.net=ALL-UNNAMED --add-opens=java.base/java.util.concurrent.atomic=ALL-UNNAMED -Xmx2048M -Dfile.encoding=UTF-8 -Duser.country=FR -Duser.language=fr -Duser.variant 
java_command: org.gradle.launcher.daemon.bootstrap.GradleDaemon 7.2
java_class_path (initial): /home/pc-fahim/.gradle/wrapper/dists/gradle-7.2-bin/2dnblmf4td7x66yl1d74lt32g/gradle-7.2/lib/gradle-launcher-7.2.jar
Launcher Type: SUN_STANDARD

[Global flags]
     intx CICompilerCount                          = 3                                         {product} {ergonomic}
     uint ConcGCThreads                            = 1                                         {product} {ergonomic}
     uint G1ConcRefinementThreads                  = 4                                         {product} {ergonomic}
   size_t G1HeapRegionSize                         = 1048576                                   {product} {ergonomic}
    uintx GCDrainStackTargetSize                   = 64                                        {product} {ergonomic}
   size_t InitialHeapSize                          = 262144000                                 {product} {ergonomic}
   size_t MarkStackSize                            = 4194304                                   {product} {ergonomic}
   size_t MaxHeapSize                              = 2147483648                                {product} {command line}
   size_t MaxNewSize                               = 1287651328                                {product} {ergonomic}
   size_t MinHeapDeltaBytes                        = 1048576                                   {product} {ergonomic}
   size_t MinHeapSize                              = 8388608                                   {product} {ergonomic}
    uintx NonNMethodCodeHeapSize                   = 5832780                                {pd product} {ergonomic}
    uintx NonProfiledCodeHeapSize                  = 122912730                              {pd product} {ergonomic}
    uintx ProfiledCodeHeapSize                     = 122912730                              {pd product} {ergonomic}
    uintx ReservedCodeCacheSize                    = 251658240                              {pd product} {ergonomic}
     bool SegmentedCodeCache                       = true                                      {product} {ergonomic}
   size_t SoftMaxHeapSize                          = 2147483648                             {manageable} {ergonomic}
     bool UseCompressedClassPointers               = true                           {product lp64_product} {ergonomic}
     bool UseCompressedOops                        = true                           {product lp64_product} {ergonomic}
     bool UseG1GC                                  = true                                      {product} {ergonomic}

Logging:
Log output configuration:
 #0: stdout all=warning uptime,level,tags
 #1: stderr all=off uptime,level,tags

Environment Variables:
JAVA_HOME=/app/extra/android-studio/jbr
PATH=/app/bin:/usr/bin:
LD_LIBRARY_PATH=
SHELL=/bin/sh
DISPLAY=:99.0
LANG=fr_FR.UTF-8

Signal Handlers:
   SIGSEGV: crash_handler in libjvm.so, mask=11100100010111111101111111111110, flags=SA_RESTART|SA_SIGINFO
    SIGBUS: crash_handler in libjvm.so, mask=11100100010111111101111111111110, flags=SA_RESTART|SA_SIGINFO
    SIGFPE: crash_handler in libjvm.so, mask=11100100010111111101111111111110, flags=SA_RESTART|SA_SIGINFO
   SIGPIPE: javaSignalHandler in libjvm.so, mask=11100100010111111101111111111110, flags=SA_RESTART|SA_SIGINFO
   SIGXFSZ: javaSignalHandler in libjvm.so, mask=11100100010111111101111111111110, flags=SA_RESTART|SA_SIGINFO
    SIGILL: crash_handler in libjvm.so, mask=11100100010111111101111111111110, flags=SA_RESTART|SA_SIGINFO
   SIGUSR2: SR_handler in libjvm.so, mask=00100000000000000000000000000000, flags=SA_RESTART|SA_SIGINFO
    SIGHUP: UserHandler in libjvm.so, mask=11100100010111111101111111111110, flags=SA_RESTART|SA_SIGINFO
    SIGINT: UserHandler in libjvm.so, mask=11100100010111111101111111111110, flags=SA_RESTART|SA_SIGINFO
   SIGTERM: UserHandler in libjvm.so, mask=11100100010111111101111111111110, flags=SA_RESTART|SA_SIGINFO
   SIGQUIT: UserHandler in libjvm.so, mask=11100100010111111101111111111110, flags=SA_RESTART|SA_SIGINFO
   SIGTRAP: crash_handler in libjvm.so, mask=11100100010111111101111111111110, flags=SA_RESTART|SA_SIGINFO


---------------  S Y S T E M  ---------------

OS:
NAME="Freedesktop SDK"
VERSION="22.08 (Flatpak runtime)"
VERSION_ID=22.08
ID=org.freedesktop.platform
PRETTY_NAME="Freedesktop.org SDK 22.08 (Flatpak runtime)"
BUG_REPORT_URL=https://gitlab.com/freedesktop-sdk/freedesktop-sdk/issues
uname: Linux 5.4.0-148-generic #165-Ubuntu SMP Tue Apr 18 08:53:12 UTC 2023 x86_64
OS uptime: 0 days 0:18 hours
libc: glibc 2.35 NPTL 2.35 
rlimit (soft/hard): STACK 8192k/infinity , CORE 0k/infinity , NPROC 63368/63368 , NOFILE 1048576/1048576 , AS infinity/infinity , CPU infinity/infinity , DATA infinity/infinity , FSIZE infinity/infinity , MEMLOCK 65536k/65536k
load average: 1,77 1,09 0,92

/proc/meminfo:
MemTotal:       16318328 kB
MemFree:         8321004 kB
MemAvailable:   12533248 kB
Buffers:         1400372 kB
Cached:          2271784 kB
SwapCached:            0 kB
Active:          5125016 kB
Inactive:        1744776 kB
Active(anon):    3201796 kB
Inactive(anon):    46964 kB
Active(file):    1923220 kB
Inactive(file):  1697812 kB
Unevictable:           0 kB
Mlocked:               0 kB
SwapTotal:       2097148 kB
SwapFree:        2097148 kB
Dirty:               148 kB
Writeback:             0 kB
AnonPages:       3197924 kB
Mapped:           903396 kB
Shmem:             51136 kB
KReclaimable:     927988 kB
Slab:            1033992 kB
SReclaimable:     927988 kB
SUnreclaim:       106004 kB
KernelStack:        9808 kB
PageTables:        20820 kB
NFS_Unstable:          0 kB
Bounce:                0 kB
WritebackTmp:          0 kB
CommitLimit:    10256312 kB
Committed_AS:    8353720 kB
VmallocTotal:   34359738367 kB
VmallocUsed:       31692 kB
VmallocChunk:          0 kB
Percpu:             5760 kB
HardwareCorrupted:     0 kB
AnonHugePages:    190464 kB
ShmemHugePages:        0 kB
ShmemPmdMapped:        0 kB
FileHugePages:         0 kB
FilePmdMapped:         0 kB
CmaTotal:              0 kB
CmaFree:               0 kB
HugePages_Total:       0
HugePages_Free:        0
HugePages_Rsvd:        0
HugePages_Surp:        0
Hugepagesize:       2048 kB
Hugetlb:               0 kB
DirectMap4k:      228864 kB
DirectMap2M:    16474112 kB

/sys/kernel/mm/transparent_hugepage/enabled: <Not Available>
/sys/kernel/mm/transparent_hugepage/defrag (defrag/compaction efforts parameter): <Not Available>

Process Memory:
Virtual Size: 5695756K (peak: 5695756K)
Resident Set Size: 146916K (peak: 157512K) (anon: 116948K, file: 29936K, shmem: 32K)
Swapped out: 0K
C-Heap outstanding allocations: 63929K, retained: 12398K
glibc malloc tunables: (default)

/proc/sys/kernel/threads-max (system-wide limit on the number of threads): 126737
/proc/sys/vm/max_map_count (maximum number of memory map areas a process may have): 65530
/proc/sys/kernel/pid_max (system-wide limit on number of process identifiers): 4194304

container information not found.
Steal ticks since vm start: 0
Steal ticks percentage since vm start:  0,000

CPU: total 4 (initial active 4) (2 cores per cpu, 2 threads per core) family 6 model 37 stepping 2 microcode 0x11, cx8, cmov, fxsr, ht, mmx, sse, sse2, sse3, ssse3, sse4.1, sse4.2, popcnt, tsc, tscinvbit, aes, clmul, clflush
CPU Model and flags from /proc/cpuinfo:
model name	: Intel(R) Core(TM) i5 CPU         650  @ 3.20GHz
flags		: fpu vme de pse tsc msr pae mce cx8 apic sep mtrr pge mca cmov pat pse36 clflush dts acpi mmx fxsr sse sse2 ht tm pbe syscall nx rdtscp lm constant_tsc arch_perfmon pebs bts rep_good nopl xtopology nonstop_tsc cpuid aperfmperf pni pclmulqdq dtes64 monitor ds_cpl vmx smx est tm2 ssse3 cx16 xtpr pdcm sse4_1 sse4_2 popcnt aes lahf_lm pti ssbd ibrs ibpb stibp tpr_shadow vnmi flexpriority ept vpid dtherm ida arat flush_l1d

Online cpus: 0-3
Offline cpus: 4-7
BIOS frequency limitation: 3201000
Frequency switch latency (ns): 10000
Available cpu frequencies: 3201000 3200000 3067000 2933000 2800000 2667000 2533000 2400000 2267000 2133000 2000000 1867000 1733000 1600000 1467000 1333000 1200000 
Current governor: ondemand
Core performance/turbo boost: 1

Memory: 4k page, physical 16318328k(8321004k free), swap 2097148k(2097148k free)
Page Sizes: 4k

vm_info: OpenJDK 64-Bit Server VM (17.0.6+0-17.0.6b802.4-9586694) for linux-amd64 JRE (17.0.6+0-17.0.6b802.4-9586694), built on Feb  9 2023 19:16:28 by "androidbuild" with clang Android (7284624, based on r416183b) Clang 12.0.5 (https://android.googlesource.com/toolchain/llvm-project c935d99d7cf2016289302412d708641d52d2f7ee)

END.
